==8243== Memcheck, a memory error detector
==8243== Copyright (C) 2002-2013, and GNU GPL'd, by Julian Seward et al.
==8243== Using Valgrind-3.10.1 and LibVEX; rerun with -h for copyright info
==8243== Command: ./test_ResourceFileManager
==8243== Parent PID: 8189
==8243== 
==8243== 
==8243== HEAP SUMMARY:
==8243==     in use at exit: 339,204 bytes in 5,476 blocks
==8243==   total heap usage: 27,780 allocs, 22,304 frees, 10,396,269 bytes allocated
==8243== 
==8243== 4 bytes in 1 blocks are possibly lost in loss record 17 of 505
==8243==    at 0x40071B1: malloc (in /usr/lib/valgrind/vgpreload_memcheck-x86-linux.so)
==8243==    by 0x4008FBE: realloc (in /usr/lib/valgrind/vgpreload_memcheck-x86-linux.so)
==8243==    by 0x4D3E1524: g_realloc (in /usr/lib/libglib-2.0.so.0.4200.1)
==8243==    by 0x4D3E1812: g_realloc_n (in /usr/lib/libglib-2.0.so.0.4200.1)
==8243==    by 0x4D5C5FB2: ??? (in /usr/lib/libgobject-2.0.so.0.4200.1)
==8243==    by 0x4D5C65FD: ??? (in /usr/lib/libgobject-2.0.so.0.4200.1)
==8243==    by 0x4D5CC287: g_type_register_static (in /usr/lib/libgobject-2.0.so.0.4200.1)
==8243==    by 0x4D5D0F06: g_type_plugin_get_type (in /usr/lib/libgobject-2.0.so.0.4200.1)
==8243==    by 0x4D5A33B6: ??? (in /usr/lib/libgobject-2.0.so.0.4200.1)
==8243==    by 0x4D0CE95F: call_init.part.0 (in /usr/lib/ld-2.20.so)
==8243==    by 0x4D0CEA6F: _dl_init (in /usr/lib/ld-2.20.so)
==8243==    by 0x4D0BFAEE: ??? (in /usr/lib/ld-2.20.so)
==8243== 
==8243== 4 bytes in 1 blocks are possibly lost in loss record 18 of 505
==8243==    at 0x40071B1: malloc (in /usr/lib/valgrind/vgpreload_memcheck-x86-linux.so)
==8243==    by 0x4008FBE: realloc (in /usr/lib/valgrind/vgpreload_memcheck-x86-linux.so)
==8243==    by 0x4D3E1524: g_realloc (in /usr/lib/libglib-2.0.so.0.4200.1)
==8243==    by 0x4D3E1812: g_realloc_n (in /usr/lib/libglib-2.0.so.0.4200.1)
==8243==    by 0x4D5C5FB2: ??? (in /usr/lib/libgobject-2.0.so.0.4200.1)
==8243==    by 0x4D5C65FD: ??? (in /usr/lib/libgobject-2.0.so.0.4200.1)
==8243==    by 0x4D5CC287: g_type_register_static (in /usr/lib/libgobject-2.0.so.0.4200.1)
==8243==    by 0x4D5A5C01: g_boxed_type_register_static (in /usr/lib/libgobject-2.0.so.0.4200.1)
==8243==    by 0x4D5A5DE3: g_value_array_get_type (in /usr/lib/libgobject-2.0.so.0.4200.1)
==8243==    by 0x4D5B75D4: ??? (in /usr/lib/libgobject-2.0.so.0.4200.1)
==8243==    by 0x4D5A33DE: ??? (in /usr/lib/libgobject-2.0.so.0.4200.1)
==8243==    by 0x4D0CE95F: call_init.part.0 (in /usr/lib/ld-2.20.so)
==8243== 
==8243== 4 bytes in 1 blocks are possibly lost in loss record 19 of 505
==8243==    at 0x40071B1: malloc (in /usr/lib/valgrind/vgpreload_memcheck-x86-linux.so)
==8243==    by 0x4008FBE: realloc (in /usr/lib/valgrind/vgpreload_memcheck-x86-linux.so)
==8243==    by 0x4D3E1524: g_realloc (in /usr/lib/libglib-2.0.so.0.4200.1)
==8243==    by 0x4D3E1812: g_realloc_n (in /usr/lib/libglib-2.0.so.0.4200.1)
==8243==    by 0x4D5C5FB2: ??? (in /usr/lib/libgobject-2.0.so.0.4200.1)
==8243==    by 0x4D5C65FD: ??? (in /usr/lib/libgobject-2.0.so.0.4200.1)
==8243==    by 0x4D5CC287: g_type_register_static (in /usr/lib/libgobject-2.0.so.0.4200.1)
==8243==    by 0x4D5D6EBB: g_pointer_type_register_static (in /usr/lib/libgobject-2.0.so.0.4200.1)
==8243==    by 0x4D5D6F1F: g_gtype_get_type (in /usr/lib/libgobject-2.0.so.0.4200.1)
==8243==    by 0x4D5B7712: ??? (in /usr/lib/libgobject-2.0.so.0.4200.1)
==8243==    by 0x4D5A33DE: ??? (in /usr/lib/libgobject-2.0.so.0.4200.1)
==8243==    by 0x4D0CE95F: call_init.part.0 (in /usr/lib/ld-2.20.so)
==8243== 
==8243== 8 bytes in 1 blocks are possibly lost in loss record 87 of 505
==8243==    at 0x4008E5A: calloc (in /usr/lib/valgrind/vgpreload_memcheck-x86-linux.so)
==8243==    by 0x4D3E14A8: g_malloc0 (in /usr/lib/libglib-2.0.so.0.4200.1)
==8243==    by 0x4D5C7103: ??? (in /usr/lib/libgobject-2.0.so.0.4200.1)
==8243==    by 0x4D5CBF53: g_type_register_fundamental (in /usr/lib/libgobject-2.0.so.0.4200.1)
==8243==    by 0x4D5D5400: ??? (in /usr/lib/libgobject-2.0.so.0.4200.1)
==8243==    by 0x4D5A33C3: ??? (in /usr/lib/libgobject-2.0.so.0.4200.1)
==8243==    by 0x4D0CE95F: call_init.part.0 (in /usr/lib/ld-2.20.so)
==8243==    by 0x4D0CEA6F: _dl_init (in /usr/lib/ld-2.20.so)
==8243==    by 0x4D0BFAEE: ??? (in /usr/lib/ld-2.20.so)
==8243== 
==8243== 8 bytes in 1 blocks are possibly lost in loss record 88 of 505
==8243==    at 0x40071B1: malloc (in /usr/lib/valgrind/vgpreload_memcheck-x86-linux.so)
==8243==    by 0x4008FBE: realloc (in /usr/lib/valgrind/vgpreload_memcheck-x86-linux.so)
==8243==    by 0x4D3E1524: g_realloc (in /usr/lib/libglib-2.0.so.0.4200.1)
==8243==    by 0x4D3E1812: g_realloc_n (in /usr/lib/libglib-2.0.so.0.4200.1)
==8243==    by 0x4D5C6FB2: ??? (in /usr/lib/libgobject-2.0.so.0.4200.1)
==8243==    by 0x4D5CBF53: g_type_register_fundamental (in /usr/lib/libgobject-2.0.so.0.4200.1)
==8243==    by 0x4D5D5400: ??? (in /usr/lib/libgobject-2.0.so.0.4200.1)
==8243==    by 0x4D5A33C3: ??? (in /usr/lib/libgobject-2.0.so.0.4200.1)
==8243==    by 0x4D0CE95F: call_init.part.0 (in /usr/lib/ld-2.20.so)
==8243==    by 0x4D0CEA6F: _dl_init (in /usr/lib/ld-2.20.so)
==8243==    by 0x4D0BFAEE: ??? (in /usr/lib/ld-2.20.so)
==8243== 
==8243== 8 bytes in 1 blocks are possibly lost in loss record 89 of 505
==8243==    at 0x4008E5A: calloc (in /usr/lib/valgrind/vgpreload_memcheck-x86-linux.so)
==8243==    by 0x4D3E14A8: g_malloc0 (in /usr/lib/libglib-2.0.so.0.4200.1)
==8243==    by 0x4D5C7103: ??? (in /usr/lib/libgobject-2.0.so.0.4200.1)
==8243==    by 0x4D5CBF53: g_type_register_fundamental (in /usr/lib/libgobject-2.0.so.0.4200.1)
==8243==    by 0x4D5D5475: ??? (in /usr/lib/libgobject-2.0.so.0.4200.1)
==8243==    by 0x4D5A33C3: ??? (in /usr/lib/libgobject-2.0.so.0.4200.1)
==8243==    by 0x4D0CE95F: call_init.part.0 (in /usr/lib/ld-2.20.so)
==8243==    by 0x4D0CEA6F: _dl_init (in /usr/lib/ld-2.20.so)
==8243==    by 0x4D0BFAEE: ??? (in /usr/lib/ld-2.20.so)
==8243== 
==8243== 8 bytes in 1 blocks are possibly lost in loss record 90 of 505
==8243==    at 0x40071B1: malloc (in /usr/lib/valgrind/vgpreload_memcheck-x86-linux.so)
==8243==    by 0x4008FBE: realloc (in /usr/lib/valgrind/vgpreload_memcheck-x86-linux.so)
==8243==    by 0x4D3E1524: g_realloc (in /usr/lib/libglib-2.0.so.0.4200.1)
==8243==    by 0x4D3E1812: g_realloc_n (in /usr/lib/libglib-2.0.so.0.4200.1)
==8243==    by 0x4D5C6FB2: ??? (in /usr/lib/libgobject-2.0.so.0.4200.1)
==8243==    by 0x4D5CBF53: g_type_register_fundamental (in /usr/lib/libgobject-2.0.so.0.4200.1)
==8243==    by 0x4D5D5475: ??? (in /usr/lib/libgobject-2.0.so.0.4200.1)
==8243==    by 0x4D5A33C3: ??? (in /usr/lib/libgobject-2.0.so.0.4200.1)
==8243==    by 0x4D0CE95F: call_init.part.0 (in /usr/lib/ld-2.20.so)
==8243==    by 0x4D0CEA6F: _dl_init (in /usr/lib/ld-2.20.so)
==8243==    by 0x4D0BFAEE: ??? (in /usr/lib/ld-2.20.so)
==8243== 
==8243== 8 bytes in 1 blocks are possibly lost in loss record 91 of 505
==8243==    at 0x4008E5A: calloc (in /usr/lib/valgrind/vgpreload_memcheck-x86-linux.so)
==8243==    by 0x4D3E14A8: g_malloc0 (in /usr/lib/libglib-2.0.so.0.4200.1)
==8243==    by 0x4D5C7103: ??? (in /usr/lib/libgobject-2.0.so.0.4200.1)
==8243==    by 0x4D5CBF53: g_type_register_fundamental (in /usr/lib/libgobject-2.0.so.0.4200.1)
==8243==    by 0x4D5D54D7: ??? (in /usr/lib/libgobject-2.0.so.0.4200.1)
==8243==    by 0x4D5A33C3: ??? (in /usr/lib/libgobject-2.0.so.0.4200.1)
==8243==    by 0x4D0CE95F: call_init.part.0 (in /usr/lib/ld-2.20.so)
==8243==    by 0x4D0CEA6F: _dl_init (in /usr/lib/ld-2.20.so)
==8243==    by 0x4D0BFAEE: ??? (in /usr/lib/ld-2.20.so)
==8243== 
==8243== 8 bytes in 1 blocks are possibly lost in loss record 92 of 505
==8243==    at 0x40071B1: malloc (in /usr/lib/valgrind/vgpreload_memcheck-x86-linux.so)
==8243==    by 0x4008FBE: realloc (in /usr/lib/valgrind/vgpreload_memcheck-x86-linux.so)
==8243==    by 0x4D3E1524: g_realloc (in /usr/lib/libglib-2.0.so.0.4200.1)
==8243==    by 0x4D3E1812: g_realloc_n (in /usr/lib/libglib-2.0.so.0.4200.1)
==8243==    by 0x4D5C6FB2: ??? (in /usr/lib/libgobject-2.0.so.0.4200.1)
==8243==    by 0x4D5CBF53: g_type_register_fundamental (in /usr/lib/libgobject-2.0.so.0.4200.1)
==8243==    by 0x4D5D54D7: ??? (in /usr/lib/libgobject-2.0.so.0.4200.1)
==8243==    by 0x4D5A33C3: ??? (in /usr/lib/libgobject-2.0.so.0.4200.1)
==8243==    by 0x4D0CE95F: call_init.part.0 (in /usr/lib/ld-2.20.so)
==8243==    by 0x4D0CEA6F: _dl_init (in /usr/lib/ld-2.20.so)
==8243==    by 0x4D0BFAEE: ??? (in /usr/lib/ld-2.20.so)
==8243== 
==8243== 8 bytes in 1 blocks are possibly lost in loss record 93 of 505
==8243==    at 0x4008E5A: calloc (in /usr/lib/valgrind/vgpreload_memcheck-x86-linux.so)
==8243==    by 0x4D3E14A8: g_malloc0 (in /usr/lib/libglib-2.0.so.0.4200.1)
==8243==    by 0x4D5C7103: ??? (in /usr/lib/libgobject-2.0.so.0.4200.1)
==8243==    by 0x4D5CBF53: g_type_register_fundamental (in /usr/lib/libgobject-2.0.so.0.4200.1)
==8243==    by 0x4D5D5537: ??? (in /usr/lib/libgobject-2.0.so.0.4200.1)
==8243==    by 0x4D5A33C3: ??? (in /usr/lib/libgobject-2.0.so.0.4200.1)
==8243==    by 0x4D0CE95F: call_init.part.0 (in /usr/lib/ld-2.20.so)
==8243==    by 0x4D0CEA6F: _dl_init (in /usr/lib/ld-2.20.so)
==8243==    by 0x4D0BFAEE: ??? (in /usr/lib/ld-2.20.so)
==8243== 
==8243== 8 bytes in 1 blocks are possibly lost in loss record 94 of 505
==8243==    at 0x40071B1: malloc (in /usr/lib/valgrind/vgpreload_memcheck-x86-linux.so)
==8243==    by 0x4008FBE: realloc (in /usr/lib/valgrind/vgpreload_memcheck-x86-linux.so)
==8243==    by 0x4D3E1524: g_realloc (in /usr/lib/libglib-2.0.so.0.4200.1)
==8243==    by 0x4D3E1812: g_realloc_n (in /usr/lib/libglib-2.0.so.0.4200.1)
==8243==    by 0x4D5C6FB2: ??? (in /usr/lib/libgobject-2.0.so.0.4200.1)
==8243==    by 0x4D5CBF53: g_type_register_fundamental (in /usr/lib/libgobject-2.0.so.0.4200.1)
==8243==    by 0x4D5D5537: ??? (in /usr/lib/libgobject-2.0.so.0.4200.1)
==8243==    by 0x4D5A33C3: ??? (in /usr/lib/libgobject-2.0.so.0.4200.1)
==8243==    by 0x4D0CE95F: call_init.part.0 (in /usr/lib/ld-2.20.so)
==8243==    by 0x4D0CEA6F: _dl_init (in /usr/lib/ld-2.20.so)
==8243==    by 0x4D0BFAEE: ??? (in /usr/lib/ld-2.20.so)
==8243== 
==8243== 8 bytes in 1 blocks are possibly lost in loss record 95 of 505
==8243==    at 0x4008E5A: calloc (in /usr/lib/valgrind/vgpreload_memcheck-x86-linux.so)
==8243==    by 0x4D3E14A8: g_malloc0 (in /usr/lib/libglib-2.0.so.0.4200.1)
==8243==    by 0x4D5C7103: ??? (in /usr/lib/libgobject-2.0.so.0.4200.1)
==8243==    by 0x4D5CBF53: g_type_register_fundamental (in /usr/lib/libgobject-2.0.so.0.4200.1)
==8243==    by 0x4D5D558D: ??? (in /usr/lib/libgobject-2.0.so.0.4200.1)
==8243==    by 0x4D5A33C3: ??? (in /usr/lib/libgobject-2.0.so.0.4200.1)
==8243==    by 0x4D0CE95F: call_init.part.0 (in /usr/lib/ld-2.20.so)
==8243==    by 0x4D0CEA6F: _dl_init (in /usr/lib/ld-2.20.so)
==8243==    by 0x4D0BFAEE: ??? (in /usr/lib/ld-2.20.so)
==8243== 
==8243== 8 bytes in 1 blocks are possibly lost in loss record 96 of 505
==8243==    at 0x40071B1: malloc (in /usr/lib/valgrind/vgpreload_memcheck-x86-linux.so)
==8243==    by 0x4008FBE: realloc (in /usr/lib/valgrind/vgpreload_memcheck-x86-linux.so)
==8243==    by 0x4D3E1524: g_realloc (in /usr/lib/libglib-2.0.so.0.4200.1)
==8243==    by 0x4D3E1812: g_realloc_n (in /usr/lib/libglib-2.0.so.0.4200.1)
==8243==    by 0x4D5C6FB2: ??? (in /usr/lib/libgobject-2.0.so.0.4200.1)
==8243==    by 0x4D5CBF53: g_type_register_fundamental (in /usr/lib/libgobject-2.0.so.0.4200.1)
==8243==    by 0x4D5D558D: ??? (in /usr/lib/libgobject-2.0.so.0.4200.1)
==8243==    by 0x4D5A33C3: ??? (in /usr/lib/libgobject-2.0.so.0.4200.1)
==8243==    by 0x4D0CE95F: call_init.part.0 (in /usr/lib/ld-2.20.so)
==8243==    by 0x4D0CEA6F: _dl_init (in /usr/lib/ld-2.20.so)
==8243==    by 0x4D0BFAEE: ??? (in /usr/lib/ld-2.20.so)
==8243== 
==8243== 8 bytes in 1 blocks are possibly lost in loss record 97 of 505
==8243==    at 0x4008E5A: calloc (in /usr/lib/valgrind/vgpreload_memcheck-x86-linux.so)
==8243==    by 0x4D3E14A8: g_malloc0 (in /usr/lib/libglib-2.0.so.0.4200.1)
==8243==    by 0x4D5C7103: ??? (in /usr/lib/libgobject-2.0.so.0.4200.1)
==8243==    by 0x4D5CBF53: g_type_register_fundamental (in /usr/lib/libgobject-2.0.so.0.4200.1)
==8243==    by 0x4D5D55EF: ??? (in /usr/lib/libgobject-2.0.so.0.4200.1)
==8243==    by 0x4D5A33C3: ??? (in /usr/lib/libgobject-2.0.so.0.4200.1)
==8243==    by 0x4D0CE95F: call_init.part.0 (in /usr/lib/ld-2.20.so)
==8243==    by 0x4D0CEA6F: _dl_init (in /usr/lib/ld-2.20.so)
==8243==    by 0x4D0BFAEE: ??? (in /usr/lib/ld-2.20.so)
==8243== 
==8243== 8 bytes in 1 blocks are possibly lost in loss record 98 of 505
==8243==    at 0x40071B1: malloc (in /usr/lib/valgrind/vgpreload_memcheck-x86-linux.so)
==8243==    by 0x4008FBE: realloc (in /usr/lib/valgrind/vgpreload_memcheck-x86-linux.so)
==8243==    by 0x4D3E1524: g_realloc (in /usr/lib/libglib-2.0.so.0.4200.1)
==8243==    by 0x4D3E1812: g_realloc_n (in /usr/lib/libglib-2.0.so.0.4200.1)
==8243==    by 0x4D5C6FB2: ??? (in /usr/lib/libgobject-2.0.so.0.4200.1)
==8243==    by 0x4D5CBF53: g_type_register_fundamental (in /usr/lib/libgobject-2.0.so.0.4200.1)
==8243==    by 0x4D5D55EF: ??? (in /usr/lib/libgobject-2.0.so.0.4200.1)
==8243==    by 0x4D5A33C3: ??? (in /usr/lib/libgobject-2.0.so.0.4200.1)
==8243==    by 0x4D0CE95F: call_init.part.0 (in /usr/lib/ld-2.20.so)
==8243==    by 0x4D0CEA6F: _dl_init (in /usr/lib/ld-2.20.so)
==8243==    by 0x4D0BFAEE: ??? (in /usr/lib/ld-2.20.so)
==8243== 
==8243== 8 bytes in 1 blocks are possibly lost in loss record 99 of 505
==8243==    at 0x4008E5A: calloc (in /usr/lib/valgrind/vgpreload_memcheck-x86-linux.so)
==8243==    by 0x4D3E14A8: g_malloc0 (in /usr/lib/libglib-2.0.so.0.4200.1)
==8243==    by 0x4D5C7103: ??? (in /usr/lib/libgobject-2.0.so.0.4200.1)
==8243==    by 0x4D5CBF53: g_type_register_fundamental (in /usr/lib/libgobject-2.0.so.0.4200.1)
==8243==    by 0x4D5D5645: ??? (in /usr/lib/libgobject-2.0.so.0.4200.1)
==8243==    by 0x4D5A33C3: ??? (in /usr/lib/libgobject-2.0.so.0.4200.1)
==8243==    by 0x4D0CE95F: call_init.part.0 (in /usr/lib/ld-2.20.so)
==8243==    by 0x4D0CEA6F: _dl_init (in /usr/lib/ld-2.20.so)
==8243==    by 0x4D0BFAEE: ??? (in /usr/lib/ld-2.20.so)
==8243== 
==8243== 8 bytes in 1 blocks are possibly lost in loss record 100 of 505
==8243==    at 0x40071B1: malloc (in /usr/lib/valgrind/vgpreload_memcheck-x86-linux.so)
==8243==    by 0x4008FBE: realloc (in /usr/lib/valgrind/vgpreload_memcheck-x86-linux.so)
==8243==    by 0x4D3E1524: g_realloc (in /usr/lib/libglib-2.0.so.0.4200.1)
==8243==    by 0x4D3E1812: g_realloc_n (in /usr/lib/libglib-2.0.so.0.4200.1)
==8243==    by 0x4D5C6FB2: ??? (in /usr/lib/libgobject-2.0.so.0.4200.1)
==8243==    by 0x4D5CBF53: g_type_register_fundamental (in /usr/lib/libgobject-2.0.so.0.4200.1)
==8243==    by 0x4D5D5645: ??? (in /usr/lib/libgobject-2.0.so.0.4200.1)
==8243==    by 0x4D5A33C3: ??? (in /usr/lib/libgobject-2.0.so.0.4200.1)
==8243==    by 0x4D0CE95F: call_init.part.0 (in /usr/lib/ld-2.20.so)
==8243==    by 0x4D0CEA6F: _dl_init (in /usr/lib/ld-2.20.so)
==8243==    by 0x4D0BFAEE: ??? (in /usr/lib/ld-2.20.so)
==8243== 
==8243== 8 bytes in 1 blocks are possibly lost in loss record 101 of 505
==8243==    at 0x4008E5A: calloc (in /usr/lib/valgrind/vgpreload_memcheck-x86-linux.so)
==8243==    by 0x4D3E14A8: g_malloc0 (in /usr/lib/libglib-2.0.so.0.4200.1)
==8243==    by 0x4D5C7103: ??? (in /usr/lib/libgobject-2.0.so.0.4200.1)
==8243==    by 0x4D5CBF53: g_type_register_fundamental (in /usr/lib/libgobject-2.0.so.0.4200.1)
==8243==    by 0x4D5D56A7: ??? (in /usr/lib/libgobject-2.0.so.0.4200.1)
==8243==    by 0x4D5A33C3: ??? (in /usr/lib/libgobject-2.0.so.0.4200.1)
==8243==    by 0x4D0CE95F: call_init.part.0 (in /usr/lib/ld-2.20.so)
==8243==    by 0x4D0CEA6F: _dl_init (in /usr/lib/ld-2.20.so)
==8243==    by 0x4D0BFAEE: ??? (in /usr/lib/ld-2.20.so)
==8243== 
==8243== 8 bytes in 1 blocks are possibly lost in loss record 102 of 505
==8243==    at 0x40071B1: malloc (in /usr/lib/valgrind/vgpreload_memcheck-x86-linux.so)
==8243==    by 0x4008FBE: realloc (in /usr/lib/valgrind/vgpreload_memcheck-x86-linux.so)
==8243==    by 0x4D3E1524: g_realloc (in /usr/lib/libglib-2.0.so.0.4200.1)
==8243==    by 0x4D3E1812: g_realloc_n (in /usr/lib/libglib-2.0.so.0.4200.1)
==8243==    by 0x4D5C6FB2: ??? (in /usr/lib/libgobject-2.0.so.0.4200.1)
==8243==    by 0x4D5CBF53: g_type_register_fundamental (in /usr/lib/libgobject-2.0.so.0.4200.1)
==8243==    by 0x4D5D56A7: ??? (in /usr/lib/libgobject-2.0.so.0.4200.1)
==8243==    by 0x4D5A33C3: ??? (in /usr/lib/libgobject-2.0.so.0.4200.1)
==8243==    by 0x4D0CE95F: call_init.part.0 (in /usr/lib/ld-2.20.so)
==8243==    by 0x4D0CEA6F: _dl_init (in /usr/lib/ld-2.20.so)
==8243==    by 0x4D0BFAEE: ??? (in /usr/lib/ld-2.20.so)
==8243== 
==8243== 8 bytes in 1 blocks are possibly lost in loss record 103 of 505
==8243==    at 0x4008E5A: calloc (in /usr/lib/valgrind/vgpreload_memcheck-x86-linux.so)
==8243==    by 0x4D3E14A8: g_malloc0 (in /usr/lib/libglib-2.0.so.0.4200.1)
==8243==    by 0x4D5C7103: ??? (in /usr/lib/libgobject-2.0.so.0.4200.1)
==8243==    by 0x4D5CBF53: g_type_register_fundamental (in /usr/lib/libgobject-2.0.so.0.4200.1)
==8243==    by 0x4D5D56FD: ??? (in /usr/lib/libgobject-2.0.so.0.4200.1)
==8243==    by 0x4D5A33C3: ??? (in /usr/lib/libgobject-2.0.so.0.4200.1)
==8243==    by 0x4D0CE95F: call_init.part.0 (in /usr/lib/ld-2.20.so)
==8243==    by 0x4D0CEA6F: _dl_init (in /usr/lib/ld-2.20.so)
==8243==    by 0x4D0BFAEE: ??? (in /usr/lib/ld-2.20.so)
==8243== 
==8243== 8 bytes in 1 blocks are possibly lost in loss record 104 of 505
==8243==    at 0x40071B1: malloc (in /usr/lib/valgrind/vgpreload_memcheck-x86-linux.so)
==8243==    by 0x4008FBE: realloc (in /usr/lib/valgrind/vgpreload_memcheck-x86-linux.so)
==8243==    by 0x4D3E1524: g_realloc (in /usr/lib/libglib-2.0.so.0.4200.1)
==8243==    by 0x4D3E1812: g_realloc_n (in /usr/lib/libglib-2.0.so.0.4200.1)
==8243==    by 0x4D5C6FB2: ??? (in /usr/lib/libgobject-2.0.so.0.4200.1)
==8243==    by 0x4D5CBF53: g_type_register_fundamental (in /usr/lib/libgobject-2.0.so.0.4200.1)
==8243==    by 0x4D5D56FD: ??? (in /usr/lib/libgobject-2.0.so.0.4200.1)
==8243==    by 0x4D5A33C3: ??? (in /usr/lib/libgobject-2.0.so.0.4200.1)
==8243==    by 0x4D0CE95F: call_init.part.0 (in /usr/lib/ld-2.20.so)
==8243==    by 0x4D0CEA6F: _dl_init (in /usr/lib/ld-2.20.so)
==8243==    by 0x4D0BFAEE: ??? (in /usr/lib/ld-2.20.so)
==8243== 
==8243== 8 bytes in 1 blocks are possibly lost in loss record 105 of 505
==8243==    at 0x4008E5A: calloc (in /usr/lib/valgrind/vgpreload_memcheck-x86-linux.so)
==8243==    by 0x4D3E14A8: g_malloc0 (in /usr/lib/libglib-2.0.so.0.4200.1)
==8243==    by 0x4D5C7103: ??? (in /usr/lib/libgobject-2.0.so.0.4200.1)
==8243==    by 0x4D5CBF53: g_type_register_fundamental (in /usr/lib/libgobject-2.0.so.0.4200.1)
==8243==    by 0x4D5D575F: ??? (in /usr/lib/libgobject-2.0.so.0.4200.1)
==8243==    by 0x4D5A33C3: ??? (in /usr/lib/libgobject-2.0.so.0.4200.1)
==8243==    by 0x4D0CE95F: call_init.part.0 (in /usr/lib/ld-2.20.so)
==8243==    by 0x4D0CEA6F: _dl_init (in /usr/lib/ld-2.20.so)
==8243==    by 0x4D0BFAEE: ??? (in /usr/lib/ld-2.20.so)
==8243== 
==8243== 8 bytes in 1 blocks are possibly lost in loss record 106 of 505
==8243==    at 0x40071B1: malloc (in /usr/lib/valgrind/vgpreload_memcheck-x86-linux.so)
==8243==    by 0x4008FBE: realloc (in /usr/lib/valgrind/vgpreload_memcheck-x86-linux.so)
==8243==    by 0x4D3E1524: g_realloc (in /usr/lib/libglib-2.0.so.0.4200.1)
==8243==    by 0x4D3E1812: g_realloc_n (in /usr/lib/libglib-2.0.so.0.4200.1)
==8243==    by 0x4D5C6FB2: ??? (in /usr/lib/libgobject-2.0.so.0.4200.1)
==8243==    by 0x4D5CBF53: g_type_register_fundamental (in /usr/lib/libgobject-2.0.so.0.4200.1)
==8243==    by 0x4D5D575F: ??? (in /usr/lib/libgobject-2.0.so.0.4200.1)
==8243==    by 0x4D5A33C3: ??? (in /usr/lib/libgobject-2.0.so.0.4200.1)
==8243==    by 0x4D0CE95F: call_init.part.0 (in /usr/lib/ld-2.20.so)
==8243==    by 0x4D0CEA6F: _dl_init (in /usr/lib/ld-2.20.so)
==8243==    by 0x4D0BFAEE: ??? (in /usr/lib/ld-2.20.so)
==8243== 
==8243== 8 bytes in 1 blocks are possibly lost in loss record 107 of 505
==8243==    at 0x4008E5A: calloc (in /usr/lib/valgrind/vgpreload_memcheck-x86-linux.so)
==8243==    by 0x4D3E14A8: g_malloc0 (in /usr/lib/libglib-2.0.so.0.4200.1)
==8243==    by 0x4D5C7103: ??? (in /usr/lib/libgobject-2.0.so.0.4200.1)
==8243==    by 0x4D5CBF53: g_type_register_fundamental (in /usr/lib/libgobject-2.0.so.0.4200.1)
==8243==    by 0x4D5D57BF: ??? (in /usr/lib/libgobject-2.0.so.0.4200.1)
==8243==    by 0x4D5A33C3: ??? (in /usr/lib/libgobject-2.0.so.0.4200.1)
==8243==    by 0x4D0CE95F: call_init.part.0 (in /usr/lib/ld-2.20.so)
==8243==    by 0x4D0CEA6F: _dl_init (in /usr/lib/ld-2.20.so)
==8243==    by 0x4D0BFAEE: ??? (in /usr/lib/ld-2.20.so)
==8243== 
==8243== 8 bytes in 1 blocks are possibly lost in loss record 108 of 505
==8243==    at 0x40071B1: malloc (in /usr/lib/valgrind/vgpreload_memcheck-x86-linux.so)
==8243==    by 0x4008FBE: realloc (in /usr/lib/valgrind/vgpreload_memcheck-x86-linux.so)
==8243==    by 0x4D3E1524: g_realloc (in /usr/lib/libglib-2.0.so.0.4200.1)
==8243==    by 0x4D3E1812: g_realloc_n (in /usr/lib/libglib-2.0.so.0.4200.1)
==8243==    by 0x4D5C6FB2: ??? (in /usr/lib/libgobject-2.0.so.0.4200.1)
==8243==    by 0x4D5CBF53: g_type_register_fundamental (in /usr/lib/libgobject-2.0.so.0.4200.1)
==8243==    by 0x4D5D57BF: ??? (in /usr/lib/libgobject-2.0.so.0.4200.1)
==8243==    by 0x4D5A33C3: ??? (in /usr/lib/libgobject-2.0.so.0.4200.1)
==8243==    by 0x4D0CE95F: call_init.part.0 (in /usr/lib/ld-2.20.so)
==8243==    by 0x4D0CEA6F: _dl_init (in /usr/lib/ld-2.20.so)
==8243==    by 0x4D0BFAEE: ??? (in /usr/lib/ld-2.20.so)
==8243== 
==8243== 8 bytes in 1 blocks are possibly lost in loss record 109 of 505
==8243==    at 0x4008E5A: calloc (in /usr/lib/valgrind/vgpreload_memcheck-x86-linux.so)
==8243==    by 0x4D3E14A8: g_malloc0 (in /usr/lib/libglib-2.0.so.0.4200.1)
==8243==    by 0x4D5C7103: ??? (in /usr/lib/libgobject-2.0.so.0.4200.1)
==8243==    by 0x4D5CBF53: g_type_register_fundamental (in /usr/lib/libgobject-2.0.so.0.4200.1)
==8243==    by 0x4D5D581F: ??? (in /usr/lib/libgobject-2.0.so.0.4200.1)
==8243==    by 0x4D5A33C3: ??? (in /usr/lib/libgobject-2.0.so.0.4200.1)
==8243==    by 0x4D0CE95F: call_init.part.0 (in /usr/lib/ld-2.20.so)
==8243==    by 0x4D0CEA6F: _dl_init (in /usr/lib/ld-2.20.so)
==8243==    by 0x4D0BFAEE: ??? (in /usr/lib/ld-2.20.so)
==8243== 
==8243== 8 bytes in 1 blocks are possibly lost in loss record 110 of 505
==8243==    at 0x40071B1: malloc (in /usr/lib/valgrind/vgpreload_memcheck-x86-linux.so)
==8243==    by 0x4008FBE: realloc (in /usr/lib/valgrind/vgpreload_memcheck-x86-linux.so)
==8243==    by 0x4D3E1524: g_realloc (in /usr/lib/libglib-2.0.so.0.4200.1)
==8243==    by 0x4D3E1812: g_realloc_n (in /usr/lib/libglib-2.0.so.0.4200.1)
==8243==    by 0x4D5C6FB2: ??? (in /usr/lib/libgobject-2.0.so.0.4200.1)
==8243==    by 0x4D5CBF53: g_type_register_fundamental (in /usr/lib/libgobject-2.0.so.0.4200.1)
==8243==    by 0x4D5D581F: ??? (in /usr/lib/libgobject-2.0.so.0.4200.1)
==8243==    by 0x4D5A33C3: ??? (in /usr/lib/libgobject-2.0.so.0.4200.1)
==8243==    by 0x4D0CE95F: call_init.part.0 (in /usr/lib/ld-2.20.so)
==8243==    by 0x4D0CEA6F: _dl_init (in /usr/lib/ld-2.20.so)
==8243==    by 0x4D0BFAEE: ??? (in /usr/lib/ld-2.20.so)
==8243== 
==8243== 8 bytes in 1 blocks are possibly lost in loss record 111 of 505
==8243==    at 0x4008E5A: calloc (in /usr/lib/valgrind/vgpreload_memcheck-x86-linux.so)
==8243==    by 0x4D3E14A8: g_malloc0 (in /usr/lib/libglib-2.0.so.0.4200.1)
==8243==    by 0x4D5C7103: ??? (in /usr/lib/libgobject-2.0.so.0.4200.1)
==8243==    by 0x4D5CBF53: g_type_register_fundamental (in /usr/lib/libgobject-2.0.so.0.4200.1)
==8243==    by 0x4D5D587F: ??? (in /usr/lib/libgobject-2.0.so.0.4200.1)
==8243==    by 0x4D5A33C3: ??? (in /usr/lib/libgobject-2.0.so.0.4200.1)
==8243==    by 0x4D0CE95F: call_init.part.0 (in /usr/lib/ld-2.20.so)
==8243==    by 0x4D0CEA6F: _dl_init (in /usr/lib/ld-2.20.so)
==8243==    by 0x4D0BFAEE: ??? (in /usr/lib/ld-2.20.so)
==8243== 
==8243== 8 bytes in 1 blocks are possibly lost in loss record 112 of 505
==8243==    at 0x40071B1: malloc (in /usr/lib/valgrind/vgpreload_memcheck-x86-linux.so)
==8243==    by 0x4008FBE: realloc (in /usr/lib/valgrind/vgpreload_memcheck-x86-linux.so)
==8243==    by 0x4D3E1524: g_realloc (in /usr/lib/libglib-2.0.so.0.4200.1)
==8243==    by 0x4D3E1812: g_realloc_n (in /usr/lib/libglib-2.0.so.0.4200.1)
==8243==    by 0x4D5C6FB2: ??? (in /usr/lib/libgobject-2.0.so.0.4200.1)
==8243==    by 0x4D5CBF53: g_type_register_fundamental (in /usr/lib/libgobject-2.0.so.0.4200.1)
==8243==    by 0x4D5D587F: ??? (in /usr/lib/libgobject-2.0.so.0.4200.1)
==8243==    by 0x4D5A33C3: ??? (in /usr/lib/libgobject-2.0.so.0.4200.1)
==8243==    by 0x4D0CE95F: call_init.part.0 (in /usr/lib/ld-2.20.so)
==8243==    by 0x4D0CEA6F: _dl_init (in /usr/lib/ld-2.20.so)
==8243==    by 0x4D0BFAEE: ??? (in /usr/lib/ld-2.20.so)
==8243== 
==8243== 8 bytes in 1 blocks are possibly lost in loss record 113 of 505
==8243==    at 0x4008E5A: calloc (in /usr/lib/valgrind/vgpreload_memcheck-x86-linux.so)
==8243==    by 0x4D3E14A8: g_malloc0 (in /usr/lib/libglib-2.0.so.0.4200.1)
==8243==    by 0x4D5C7103: ??? (in /usr/lib/libgobject-2.0.so.0.4200.1)
==8243==    by 0x4D5CBF53: g_type_register_fundamental (in /usr/lib/libgobject-2.0.so.0.4200.1)
==8243==    by 0x4D5D58DF: ??? (in /usr/lib/libgobject-2.0.so.0.4200.1)
==8243==    by 0x4D5A33C3: ??? (in /usr/lib/libgobject-2.0.so.0.4200.1)
==8243==    by 0x4D0CE95F: call_init.part.0 (in /usr/lib/ld-2.20.so)
==8243==    by 0x4D0CEA6F: _dl_init (in /usr/lib/ld-2.20.so)
==8243==    by 0x4D0BFAEE: ??? (in /usr/lib/ld-2.20.so)
==8243== 
==8243== 8 bytes in 1 blocks are possibly lost in loss record 114 of 505
==8243==    at 0x40071B1: malloc (in /usr/lib/valgrind/vgpreload_memcheck-x86-linux.so)
==8243==    by 0x4008FBE: realloc (in /usr/lib/valgrind/vgpreload_memcheck-x86-linux.so)
==8243==    by 0x4D3E1524: g_realloc (in /usr/lib/libglib-2.0.so.0.4200.1)
==8243==    by 0x4D3E1812: g_realloc_n (in /usr/lib/libglib-2.0.so.0.4200.1)
==8243==    by 0x4D5C6FB2: ??? (in /usr/lib/libgobject-2.0.so.0.4200.1)
==8243==    by 0x4D5CBF53: g_type_register_fundamental (in /usr/lib/libgobject-2.0.so.0.4200.1)
==8243==    by 0x4D5D58DF: ??? (in /usr/lib/libgobject-2.0.so.0.4200.1)
==8243==    by 0x4D5A33C3: ??? (in /usr/lib/libgobject-2.0.so.0.4200.1)
==8243==    by 0x4D0CE95F: call_init.part.0 (in /usr/lib/ld-2.20.so)
==8243==    by 0x4D0CEA6F: _dl_init (in /usr/lib/ld-2.20.so)
==8243==    by 0x4D0BFAEE: ??? (in /usr/lib/ld-2.20.so)
==8243== 
==8243== 8 bytes in 1 blocks are possibly lost in loss record 115 of 505
==8243==    at 0x4008E5A: calloc (in /usr/lib/valgrind/vgpreload_memcheck-x86-linux.so)
==8243==    by 0x4D3E14A8: g_malloc0 (in /usr/lib/libglib-2.0.so.0.4200.1)
==8243==    by 0x4D5C7103: ??? (in /usr/lib/libgobject-2.0.so.0.4200.1)
==8243==    by 0x4D5CBF53: g_type_register_fundamental (in /usr/lib/libgobject-2.0.so.0.4200.1)
==8243==    by 0x4D5A99B4: ??? (in /usr/lib/libgobject-2.0.so.0.4200.1)
==8243==    by 0x4D5A33C8: ??? (in /usr/lib/libgobject-2.0.so.0.4200.1)
==8243==    by 0x4D0CE95F: call_init.part.0 (in /usr/lib/ld-2.20.so)
==8243==    by 0x4D0CEA6F: _dl_init (in /usr/lib/ld-2.20.so)
==8243==    by 0x4D0BFAEE: ??? (in /usr/lib/ld-2.20.so)
==8243== 
==8243== 8 bytes in 1 blocks are possibly lost in loss record 116 of 505
==8243==    at 0x40071B1: malloc (in /usr/lib/valgrind/vgpreload_memcheck-x86-linux.so)
==8243==    by 0x4008FBE: realloc (in /usr/lib/valgrind/vgpreload_memcheck-x86-linux.so)
==8243==    by 0x4D3E1524: g_realloc (in /usr/lib/libglib-2.0.so.0.4200.1)
==8243==    by 0x4D3E1812: g_realloc_n (in /usr/lib/libglib-2.0.so.0.4200.1)
==8243==    by 0x4D5C6FB2: ??? (in /usr/lib/libgobject-2.0.so.0.4200.1)
==8243==    by 0x4D5CBF53: g_type_register_fundamental (in /usr/lib/libgobject-2.0.so.0.4200.1)
==8243==    by 0x4D5A99B4: ??? (in /usr/lib/libgobject-2.0.so.0.4200.1)
==8243==    by 0x4D5A33C8: ??? (in /usr/lib/libgobject-2.0.so.0.4200.1)
==8243==    by 0x4D0CE95F: call_init.part.0 (in /usr/lib/ld-2.20.so)
==8243==    by 0x4D0CEA6F: _dl_init (in /usr/lib/ld-2.20.so)
==8243==    by 0x4D0BFAEE: ??? (in /usr/lib/ld-2.20.so)
==8243== 
==8243== 8 bytes in 1 blocks are possibly lost in loss record 117 of 505
==8243==    at 0x4008E5A: calloc (in /usr/lib/valgrind/vgpreload_memcheck-x86-linux.so)
==8243==    by 0x4D3E14A8: g_malloc0 (in /usr/lib/libglib-2.0.so.0.4200.1)
==8243==    by 0x4D5C7103: ??? (in /usr/lib/libgobject-2.0.so.0.4200.1)
==8243==    by 0x4D5CBF53: g_type_register_fundamental (in /usr/lib/libgobject-2.0.so.0.4200.1)
==8243==    by 0x4D5A9A24: ??? (in /usr/lib/libgobject-2.0.so.0.4200.1)
==8243==    by 0x4D5A33C8: ??? (in /usr/lib/libgobject-2.0.so.0.4200.1)
==8243==    by 0x4D0CE95F: call_init.part.0 (in /usr/lib/ld-2.20.so)
==8243==    by 0x4D0CEA6F: _dl_init (in /usr/lib/ld-2.20.so)
==8243==    by 0x4D0BFAEE: ??? (in /usr/lib/ld-2.20.so)
==8243== 
==8243== 8 bytes in 1 blocks are possibly lost in loss record 118 of 505
==8243==    at 0x40071B1: malloc (in /usr/lib/valgrind/vgpreload_memcheck-x86-linux.so)
==8243==    by 0x4008FBE: realloc (in /usr/lib/valgrind/vgpreload_memcheck-x86-linux.so)
==8243==    by 0x4D3E1524: g_realloc (in /usr/lib/libglib-2.0.so.0.4200.1)
==8243==    by 0x4D3E1812: g_realloc_n (in /usr/lib/libglib-2.0.so.0.4200.1)
==8243==    by 0x4D5C6FB2: ??? (in /usr/lib/libgobject-2.0.so.0.4200.1)
==8243==    by 0x4D5CBF53: g_type_register_fundamental (in /usr/lib/libgobject-2.0.so.0.4200.1)
==8243==    by 0x4D5A9A24: ??? (in /usr/lib/libgobject-2.0.so.0.4200.1)
==8243==    by 0x4D5A33C8: ??? (in /usr/lib/libgobject-2.0.so.0.4200.1)
==8243==    by 0x4D0CE95F: call_init.part.0 (in /usr/lib/ld-2.20.so)
==8243==    by 0x4D0CEA6F: _dl_init (in /usr/lib/ld-2.20.so)
==8243==    by 0x4D0BFAEE: ??? (in /usr/lib/ld-2.20.so)
==8243== 
==8243== 8 bytes in 1 blocks are possibly lost in loss record 119 of 505
==8243==    at 0x4008E5A: calloc (in /usr/lib/valgrind/vgpreload_memcheck-x86-linux.so)
==8243==    by 0x4D3E14A8: g_malloc0 (in /usr/lib/libglib-2.0.so.0.4200.1)
==8243==    by 0x4D5C7103: ??? (in /usr/lib/libgobject-2.0.so.0.4200.1)
==8243==    by 0x4D5CBF53: g_type_register_fundamental (in /usr/lib/libgobject-2.0.so.0.4200.1)
==8243==    by 0x4D5A5B05: ??? (in /usr/lib/libgobject-2.0.so.0.4200.1)
==8243==    by 0x4D5A33CD: ??? (in /usr/lib/libgobject-2.0.so.0.4200.1)
==8243==    by 0x4D0CE95F: call_init.part.0 (in /usr/lib/ld-2.20.so)
==8243==    by 0x4D0CEA6F: _dl_init (in /usr/lib/ld-2.20.so)
==8243==    by 0x4D0BFAEE: ??? (in /usr/lib/ld-2.20.so)
==8243== 
==8243== 8 bytes in 1 blocks are possibly lost in loss record 120 of 505
==8243==    at 0x40071B1: malloc (in /usr/lib/valgrind/vgpreload_memcheck-x86-linux.so)
==8243==    by 0x4008FBE: realloc (in /usr/lib/valgrind/vgpreload_memcheck-x86-linux.so)
==8243==    by 0x4D3E1524: g_realloc (in /usr/lib/libglib-2.0.so.0.4200.1)
==8243==    by 0x4D3E1812: g_realloc_n (in /usr/lib/libglib-2.0.so.0.4200.1)
==8243==    by 0x4D5C6FB2: ??? (in /usr/lib/libgobject-2.0.so.0.4200.1)
==8243==    by 0x4D5CBF53: g_type_register_fundamental (in /usr/lib/libgobject-2.0.so.0.4200.1)
==8243==    by 0x4D5A5B05: ??? (in /usr/lib/libgobject-2.0.so.0.4200.1)
==8243==    by 0x4D5A33CD: ??? (in /usr/lib/libgobject-2.0.so.0.4200.1)
==8243==    by 0x4D0CE95F: call_init.part.0 (in /usr/lib/ld-2.20.so)
==8243==    by 0x4D0CEA6F: _dl_init (in /usr/lib/ld-2.20.so)
==8243==    by 0x4D0BFAEE: ??? (in /usr/lib/ld-2.20.so)
==8243== 
==8243== 8 bytes in 1 blocks are possibly lost in loss record 121 of 505
==8243==    at 0x4008E5A: calloc (in /usr/lib/valgrind/vgpreload_memcheck-x86-linux.so)
==8243==    by 0x4D3E14A8: g_malloc0 (in /usr/lib/libglib-2.0.so.0.4200.1)
==8243==    by 0x4D5C7103: ??? (in /usr/lib/libgobject-2.0.so.0.4200.1)
==8243==    by 0x4D5CBF53: g_type_register_fundamental (in /usr/lib/libgobject-2.0.so.0.4200.1)
==8243==    by 0x4D5B389A: ??? (in /usr/lib/libgobject-2.0.so.0.4200.1)
==8243==    by 0x4D5A33D4: ??? (in /usr/lib/libgobject-2.0.so.0.4200.1)
==8243==    by 0x4D0CE95F: call_init.part.0 (in /usr/lib/ld-2.20.so)
==8243==    by 0x4D0CEA6F: _dl_init (in /usr/lib/ld-2.20.so)
==8243==    by 0x4D0BFAEE: ??? (in /usr/lib/ld-2.20.so)
==8243== 
==8243== 8 bytes in 1 blocks are possibly lost in loss record 122 of 505
==8243==    at 0x40071B1: malloc (in /usr/lib/valgrind/vgpreload_memcheck-x86-linux.so)
==8243==    by 0x4008FBE: realloc (in /usr/lib/valgrind/vgpreload_memcheck-x86-linux.so)
==8243==    by 0x4D3E1524: g_realloc (in /usr/lib/libglib-2.0.so.0.4200.1)
==8243==    by 0x4D3E1812: g_realloc_n (in /usr/lib/libglib-2.0.so.0.4200.1)
==8243==    by 0x4D5C6FB2: ??? (in /usr/lib/libgobject-2.0.so.0.4200.1)
==8243==    by 0x4D5CBF53: g_type_register_fundamental (in /usr/lib/libgobject-2.0.so.0.4200.1)
==8243==    by 0x4D5B389A: ??? (in /usr/lib/libgobject-2.0.so.0.4200.1)
==8243==    by 0x4D5A33D4: ??? (in /usr/lib/libgobject-2.0.so.0.4200.1)
==8243==    by 0x4D0CE95F: call_init.part.0 (in /usr/lib/ld-2.20.so)
==8243==    by 0x4D0CEA6F: _dl_init (in /usr/lib/ld-2.20.so)
==8243==    by 0x4D0BFAEE: ??? (in /usr/lib/ld-2.20.so)
==8243== 
==8243== 8 bytes in 1 blocks are possibly lost in loss record 123 of 505
==8243==    at 0x4008E5A: calloc (in /usr/lib/valgrind/vgpreload_memcheck-x86-linux.so)
==8243==    by 0x4D3E14A8: g_malloc0 (in /usr/lib/libglib-2.0.so.0.4200.1)
==8243==    by 0x4D5C7103: ??? (in /usr/lib/libgobject-2.0.so.0.4200.1)
==8243==    by 0x4D5CBF53: g_type_register_fundamental (in /usr/lib/libgobject-2.0.so.0.4200.1)
==8243==    by 0x4D5AE523: ??? (in /usr/lib/libgobject-2.0.so.0.4200.1)
==8243==    by 0x4D5A33D9: ??? (in /usr/lib/libgobject-2.0.so.0.4200.1)
==8243==    by 0x4D0CE95F: call_init.part.0 (in /usr/lib/ld-2.20.so)
==8243==    by 0x4D0CEA6F: _dl_init (in /usr/lib/ld-2.20.so)
==8243==    by 0x4D0BFAEE: ??? (in /usr/lib/ld-2.20.so)
==8243== 
==8243== 8 bytes in 1 blocks are possibly lost in loss record 124 of 505
==8243==    at 0x40071B1: malloc (in /usr/lib/valgrind/vgpreload_memcheck-x86-linux.so)
==8243==    by 0x4008FBE: realloc (in /usr/lib/valgrind/vgpreload_memcheck-x86-linux.so)
==8243==    by 0x4D3E1524: g_realloc (in /usr/lib/libglib-2.0.so.0.4200.1)
==8243==    by 0x4D3E1812: g_realloc_n (in /usr/lib/libglib-2.0.so.0.4200.1)
==8243==    by 0x4D5C6FB2: ??? (in /usr/lib/libgobject-2.0.so.0.4200.1)
==8243==    by 0x4D5CBF53: g_type_register_fundamental (in /usr/lib/libgobject-2.0.so.0.4200.1)
==8243==    by 0x4D5AE523: ??? (in /usr/lib/libgobject-2.0.so.0.4200.1)
==8243==    by 0x4D5A33D9: ??? (in /usr/lib/libgobject-2.0.so.0.4200.1)
==8243==    by 0x4D0CE95F: call_init.part.0 (in /usr/lib/ld-2.20.so)
==8243==    by 0x4D0CEA6F: _dl_init (in /usr/lib/ld-2.20.so)
==8243==    by 0x4D0BFAEE: ??? (in /usr/lib/ld-2.20.so)
==8243== 
==8243== 40 bytes in 1 blocks are possibly lost in loss record 270 of 505
==8243==    at 0x4008E5A: calloc (in /usr/lib/valgrind/vgpreload_memcheck-x86-linux.so)
==8243==    by 0x4D3E14A8: g_malloc0 (in /usr/lib/libglib-2.0.so.0.4200.1)
==8243==    by 0x4D5C6D86: ??? (in /usr/lib/libgobject-2.0.so.0.4200.1)
==8243==    by 0x4D5CBFAA: g_type_register_fundamental (in /usr/lib/libgobject-2.0.so.0.4200.1)
==8243==    by 0x4D5D5400: ??? (in /usr/lib/libgobject-2.0.so.0.4200.1)
==8243==    by 0x4D5A33C3: ??? (in /usr/lib/libgobject-2.0.so.0.4200.1)
==8243==    by 0x4D0CE95F: call_init.part.0 (in /usr/lib/ld-2.20.so)
==8243==    by 0x4D0CEA6F: _dl_init (in /usr/lib/ld-2.20.so)
==8243==    by 0x4D0BFAEE: ??? (in /usr/lib/ld-2.20.so)
==8243== 
==8243== 40 bytes in 1 blocks are possibly lost in loss record 271 of 505
==8243==    at 0x4008E5A: calloc (in /usr/lib/valgrind/vgpreload_memcheck-x86-linux.so)
==8243==    by 0x4D3E14A8: g_malloc0 (in /usr/lib/libglib-2.0.so.0.4200.1)
==8243==    by 0x4D5C6D86: ??? (in /usr/lib/libgobject-2.0.so.0.4200.1)
==8243==    by 0x4D5CBFAA: g_type_register_fundamental (in /usr/lib/libgobject-2.0.so.0.4200.1)
==8243==    by 0x4D5D5475: ??? (in /usr/lib/libgobject-2.0.so.0.4200.1)
==8243==    by 0x4D5A33C3: ??? (in /usr/lib/libgobject-2.0.so.0.4200.1)
==8243==    by 0x4D0CE95F: call_init.part.0 (in /usr/lib/ld-2.20.so)
==8243==    by 0x4D0CEA6F: _dl_init (in /usr/lib/ld-2.20.so)
==8243==    by 0x4D0BFAEE: ??? (in /usr/lib/ld-2.20.so)
==8243== 
==8243== 40 bytes in 1 blocks are possibly lost in loss record 272 of 505
==8243==    at 0x4008E5A: calloc (in /usr/lib/valgrind/vgpreload_memcheck-x86-linux.so)
==8243==    by 0x4D3E14A8: g_malloc0 (in /usr/lib/libglib-2.0.so.0.4200.1)
==8243==    by 0x4D5C6D86: ??? (in /usr/lib/libgobject-2.0.so.0.4200.1)
==8243==    by 0x4D5CBFAA: g_type_register_fundamental (in /usr/lib/libgobject-2.0.so.0.4200.1)
==8243==    by 0x4D5D54D7: ??? (in /usr/lib/libgobject-2.0.so.0.4200.1)
==8243==    by 0x4D5A33C3: ??? (in /usr/lib/libgobject-2.0.so.0.4200.1)
==8243==    by 0x4D0CE95F: call_init.part.0 (in /usr/lib/ld-2.20.so)
==8243==    by 0x4D0CEA6F: _dl_init (in /usr/lib/ld-2.20.so)
==8243==    by 0x4D0BFAEE: ??? (in /usr/lib/ld-2.20.so)
==8243== 
==8243== 40 bytes in 1 blocks are possibly lost in loss record 273 of 505
==8243==    at 0x4008E5A: calloc (in /usr/lib/valgrind/vgpreload_memcheck-x86-linux.so)
==8243==    by 0x4D3E14A8: g_malloc0 (in /usr/lib/libglib-2.0.so.0.4200.1)
==8243==    by 0x4D5C6D86: ??? (in /usr/lib/libgobject-2.0.so.0.4200.1)
==8243==    by 0x4D5CBFAA: g_type_register_fundamental (in /usr/lib/libgobject-2.0.so.0.4200.1)
==8243==    by 0x4D5D5537: ??? (in /usr/lib/libgobject-2.0.so.0.4200.1)
==8243==    by 0x4D5A33C3: ??? (in /usr/lib/libgobject-2.0.so.0.4200.1)
==8243==    by 0x4D0CE95F: call_init.part.0 (in /usr/lib/ld-2.20.so)
==8243==    by 0x4D0CEA6F: _dl_init (in /usr/lib/ld-2.20.so)
==8243==    by 0x4D0BFAEE: ??? (in /usr/lib/ld-2.20.so)
==8243== 
==8243== 40 bytes in 1 blocks are possibly lost in loss record 274 of 505
==8243==    at 0x4008E5A: calloc (in /usr/lib/valgrind/vgpreload_memcheck-x86-linux.so)
==8243==    by 0x4D3E14A8: g_malloc0 (in /usr/lib/libglib-2.0.so.0.4200.1)
==8243==    by 0x4D5C6D86: ??? (in /usr/lib/libgobject-2.0.so.0.4200.1)
==8243==    by 0x4D5CBFAA: g_type_register_fundamental (in /usr/lib/libgobject-2.0.so.0.4200.1)
==8243==    by 0x4D5D558D: ??? (in /usr/lib/libgobject-2.0.so.0.4200.1)
==8243==    by 0x4D5A33C3: ??? (in /usr/lib/libgobject-2.0.so.0.4200.1)
==8243==    by 0x4D0CE95F: call_init.part.0 (in /usr/lib/ld-2.20.so)
==8243==    by 0x4D0CEA6F: _dl_init (in /usr/lib/ld-2.20.so)
==8243==    by 0x4D0BFAEE: ??? (in /usr/lib/ld-2.20.so)
==8243== 
==8243== 40 bytes in 1 blocks are possibly lost in loss record 275 of 505
==8243==    at 0x4008E5A: calloc (in /usr/lib/valgrind/vgpreload_memcheck-x86-linux.so)
==8243==    by 0x4D3E14A8: g_malloc0 (in /usr/lib/libglib-2.0.so.0.4200.1)
==8243==    by 0x4D5C6D86: ??? (in /usr/lib/libgobject-2.0.so.0.4200.1)
==8243==    by 0x4D5CBFAA: g_type_register_fundamental (in /usr/lib/libgobject-2.0.so.0.4200.1)
==8243==    by 0x4D5D55EF: ??? (in /usr/lib/libgobject-2.0.so.0.4200.1)
==8243==    by 0x4D5A33C3: ??? (in /usr/lib/libgobject-2.0.so.0.4200.1)
==8243==    by 0x4D0CE95F: call_init.part.0 (in /usr/lib/ld-2.20.so)
==8243==    by 0x4D0CEA6F: _dl_init (in /usr/lib/ld-2.20.so)
==8243==    by 0x4D0BFAEE: ??? (in /usr/lib/ld-2.20.so)
==8243== 
==8243== 40 bytes in 1 blocks are possibly lost in loss record 276 of 505
==8243==    at 0x4008E5A: calloc (in /usr/lib/valgrind/vgpreload_memcheck-x86-linux.so)
==8243==    by 0x4D3E14A8: g_malloc0 (in /usr/lib/libglib-2.0.so.0.4200.1)
==8243==    by 0x4D5C6D86: ??? (in /usr/lib/libgobject-2.0.so.0.4200.1)
==8243==    by 0x4D5CBFAA: g_type_register_fundamental (in /usr/lib/libgobject-2.0.so.0.4200.1)
==8243==    by 0x4D5D5645: ??? (in /usr/lib/libgobject-2.0.so.0.4200.1)
==8243==    by 0x4D5A33C3: ??? (in /usr/lib/libgobject-2.0.so.0.4200.1)
==8243==    by 0x4D0CE95F: call_init.part.0 (in /usr/lib/ld-2.20.so)
==8243==    by 0x4D0CEA6F: _dl_init (in /usr/lib/ld-2.20.so)
==8243==    by 0x4D0BFAEE: ??? (in /usr/lib/ld-2.20.so)
==8243== 
==8243== 40 bytes in 1 blocks are possibly lost in loss record 277 of 505
==8243==    at 0x4008E5A: calloc (in /usr/lib/valgrind/vgpreload_memcheck-x86-linux.so)
==8243==    by 0x4D3E14A8: g_malloc0 (in /usr/lib/libglib-2.0.so.0.4200.1)
==8243==    by 0x4D5C6D86: ??? (in /usr/lib/libgobject-2.0.so.0.4200.1)
==8243==    by 0x4D5CBFAA: g_type_register_fundamental (in /usr/lib/libgobject-2.0.so.0.4200.1)
==8243==    by 0x4D5D56A7: ??? (in /usr/lib/libgobject-2.0.so.0.4200.1)
==8243==    by 0x4D5A33C3: ??? (in /usr/lib/libgobject-2.0.so.0.4200.1)
==8243==    by 0x4D0CE95F: call_init.part.0 (in /usr/lib/ld-2.20.so)
==8243==    by 0x4D0CEA6F: _dl_init (in /usr/lib/ld-2.20.so)
==8243==    by 0x4D0BFAEE: ??? (in /usr/lib/ld-2.20.so)
==8243== 
==8243== 40 bytes in 1 blocks are possibly lost in loss record 278 of 505
==8243==    at 0x4008E5A: calloc (in /usr/lib/valgrind/vgpreload_memcheck-x86-linux.so)
==8243==    by 0x4D3E14A8: g_malloc0 (in /usr/lib/libglib-2.0.so.0.4200.1)
==8243==    by 0x4D5C6D86: ??? (in /usr/lib/libgobject-2.0.so.0.4200.1)
==8243==    by 0x4D5CBFAA: g_type_register_fundamental (in /usr/lib/libgobject-2.0.so.0.4200.1)
==8243==    by 0x4D5D56FD: ??? (in /usr/lib/libgobject-2.0.so.0.4200.1)
==8243==    by 0x4D5A33C3: ??? (in /usr/lib/libgobject-2.0.so.0.4200.1)
==8243==    by 0x4D0CE95F: call_init.part.0 (in /usr/lib/ld-2.20.so)
==8243==    by 0x4D0CEA6F: _dl_init (in /usr/lib/ld-2.20.so)
==8243==    by 0x4D0BFAEE: ??? (in /usr/lib/ld-2.20.so)
==8243== 
==8243== 40 bytes in 1 blocks are possibly lost in loss record 279 of 505
==8243==    at 0x4008E5A: calloc (in /usr/lib/valgrind/vgpreload_memcheck-x86-linux.so)
==8243==    by 0x4D3E14A8: g_malloc0 (in /usr/lib/libglib-2.0.so.0.4200.1)
==8243==    by 0x4D5C6D86: ??? (in /usr/lib/libgobject-2.0.so.0.4200.1)
==8243==    by 0x4D5CBFAA: g_type_register_fundamental (in /usr/lib/libgobject-2.0.so.0.4200.1)
==8243==    by 0x4D5D575F: ??? (in /usr/lib/libgobject-2.0.so.0.4200.1)
==8243==    by 0x4D5A33C3: ??? (in /usr/lib/libgobject-2.0.so.0.4200.1)
==8243==    by 0x4D0CE95F: call_init.part.0 (in /usr/lib/ld-2.20.so)
==8243==    by 0x4D0CEA6F: _dl_init (in /usr/lib/ld-2.20.so)
==8243==    by 0x4D0BFAEE: ??? (in /usr/lib/ld-2.20.so)
==8243== 
==8243== 40 bytes in 1 blocks are possibly lost in loss record 280 of 505
==8243==    at 0x4008E5A: calloc (in /usr/lib/valgrind/vgpreload_memcheck-x86-linux.so)
==8243==    by 0x4D3E14A8: g_malloc0 (in /usr/lib/libglib-2.0.so.0.4200.1)
==8243==    by 0x4D5C6D86: ??? (in /usr/lib/libgobject-2.0.so.0.4200.1)
==8243==    by 0x4D5CBFAA: g_type_register_fundamental (in /usr/lib/libgobject-2.0.so.0.4200.1)
==8243==    by 0x4D5D57BF: ??? (in /usr/lib/libgobject-2.0.so.0.4200.1)
==8243==    by 0x4D5A33C3: ??? (in /usr/lib/libgobject-2.0.so.0.4200.1)
==8243==    by 0x4D0CE95F: call_init.part.0 (in /usr/lib/ld-2.20.so)
==8243==    by 0x4D0CEA6F: _dl_init (in /usr/lib/ld-2.20.so)
==8243==    by 0x4D0BFAEE: ??? (in /usr/lib/ld-2.20.so)
==8243== 
==8243== 40 bytes in 1 blocks are possibly lost in loss record 281 of 505
==8243==    at 0x4008E5A: calloc (in /usr/lib/valgrind/vgpreload_memcheck-x86-linux.so)
==8243==    by 0x4D3E14A8: g_malloc0 (in /usr/lib/libglib-2.0.so.0.4200.1)
==8243==    by 0x4D5C6D86: ??? (in /usr/lib/libgobject-2.0.so.0.4200.1)
==8243==    by 0x4D5CBFAA: g_type_register_fundamental (in /usr/lib/libgobject-2.0.so.0.4200.1)
==8243==    by 0x4D5D581F: ??? (in /usr/lib/libgobject-2.0.so.0.4200.1)
==8243==    by 0x4D5A33C3: ??? (in /usr/lib/libgobject-2.0.so.0.4200.1)
==8243==    by 0x4D0CE95F: call_init.part.0 (in /usr/lib/ld-2.20.so)
==8243==    by 0x4D0CEA6F: _dl_init (in /usr/lib/ld-2.20.so)
==8243==    by 0x4D0BFAEE: ??? (in /usr/lib/ld-2.20.so)
==8243== 
==8243== 40 bytes in 1 blocks are possibly lost in loss record 282 of 505
==8243==    at 0x4008E5A: calloc (in /usr/lib/valgrind/vgpreload_memcheck-x86-linux.so)
==8243==    by 0x4D3E14A8: g_malloc0 (in /usr/lib/libglib-2.0.so.0.4200.1)
==8243==    by 0x4D5C6D86: ??? (in /usr/lib/libgobject-2.0.so.0.4200.1)
==8243==    by 0x4D5CBFAA: g_type_register_fundamental (in /usr/lib/libgobject-2.0.so.0.4200.1)
==8243==    by 0x4D5D587F: ??? (in /usr/lib/libgobject-2.0.so.0.4200.1)
==8243==    by 0x4D5A33C3: ??? (in /usr/lib/libgobject-2.0.so.0.4200.1)
==8243==    by 0x4D0CE95F: call_init.part.0 (in /usr/lib/ld-2.20.so)
==8243==    by 0x4D0CEA6F: _dl_init (in /usr/lib/ld-2.20.so)
==8243==    by 0x4D0BFAEE: ??? (in /usr/lib/ld-2.20.so)
==8243== 
==8243== 40 bytes in 1 blocks are possibly lost in loss record 283 of 505
==8243==    at 0x4008E5A: calloc (in /usr/lib/valgrind/vgpreload_memcheck-x86-linux.so)
==8243==    by 0x4D3E14A8: g_malloc0 (in /usr/lib/libglib-2.0.so.0.4200.1)
==8243==    by 0x4D5C6D86: ??? (in /usr/lib/libgobject-2.0.so.0.4200.1)
==8243==    by 0x4D5CBFAA: g_type_register_fundamental (in /usr/lib/libgobject-2.0.so.0.4200.1)
==8243==    by 0x4D5D58DF: ??? (in /usr/lib/libgobject-2.0.so.0.4200.1)
==8243==    by 0x4D5A33C3: ??? (in /usr/lib/libgobject-2.0.so.0.4200.1)
==8243==    by 0x4D0CE95F: call_init.part.0 (in /usr/lib/ld-2.20.so)
==8243==    by 0x4D0CEA6F: _dl_init (in /usr/lib/ld-2.20.so)
==8243==    by 0x4D0BFAEE: ??? (in /usr/lib/ld-2.20.so)
==8243== 
==8243== 46 bytes in 1 blocks are possibly lost in loss record 285 of 505
==8243==    at 0x4008E5A: calloc (in /usr/lib/valgrind/vgpreload_memcheck-x86-linux.so)
==8243==    by 0x4D3E14A8: g_malloc0 (in /usr/lib/libglib-2.0.so.0.4200.1)
==8243==    by 0x4D5C6E1B: ??? (in /usr/lib/libgobject-2.0.so.0.4200.1)
==8243==    by 0x4D5CBFAA: g_type_register_fundamental (in /usr/lib/libgobject-2.0.so.0.4200.1)
==8243==    by 0x4D5A5B05: ??? (in /usr/lib/libgobject-2.0.so.0.4200.1)
==8243==    by 0x4D5A33CD: ??? (in /usr/lib/libgobject-2.0.so.0.4200.1)
==8243==    by 0x4D0CE95F: call_init.part.0 (in /usr/lib/ld-2.20.so)
==8243==    by 0x4D0CEA6F: _dl_init (in /usr/lib/ld-2.20.so)
==8243==    by 0x4D0BFAEE: ??? (in /usr/lib/ld-2.20.so)
==8243== 
==8243== 52 bytes in 1 blocks are possibly lost in loss record 348 of 505
==8243==    at 0x4008E5A: calloc (in /usr/lib/valgrind/vgpreload_memcheck-x86-linux.so)
==8243==    by 0x4D3E14A8: g_malloc0 (in /usr/lib/libglib-2.0.so.0.4200.1)
==8243==    by 0x4D5C600B: ??? (in /usr/lib/libgobject-2.0.so.0.4200.1)
==8243==    by 0x4D5C61C4: ??? (in /usr/lib/libgobject-2.0.so.0.4200.1)
==8243==    by 0x4D5A3305: ??? (in /usr/lib/libgobject-2.0.so.0.4200.1)
==8243==    by 0x4D0CE95F: call_init.part.0 (in /usr/lib/ld-2.20.so)
==8243==    by 0x4D0CEA6F: _dl_init (in /usr/lib/ld-2.20.so)
==8243==    by 0x4D0BFAEE: ??? (in /usr/lib/ld-2.20.so)
==8243== 
==8243== 52 bytes in 1 blocks are possibly lost in loss record 349 of 505
==8243==    at 0x4008E5A: calloc (in /usr/lib/valgrind/vgpreload_memcheck-x86-linux.so)
==8243==    by 0x4D3E14A8: g_malloc0 (in /usr/lib/libglib-2.0.so.0.4200.1)
==8243==    by 0x4D5C600B: ??? (in /usr/lib/libgobject-2.0.so.0.4200.1)
==8243==    by 0x4D5C61C4: ??? (in /usr/lib/libgobject-2.0.so.0.4200.1)
==8243==    by 0x4D5A3370: ??? (in /usr/lib/libgobject-2.0.so.0.4200.1)
==8243==    by 0x4D0CE95F: call_init.part.0 (in /usr/lib/ld-2.20.so)
==8243==    by 0x4D0CEA6F: _dl_init (in /usr/lib/ld-2.20.so)
==8243==    by 0x4D0BFAEE: ??? (in /usr/lib/ld-2.20.so)
==8243== 
==8243== 52 bytes in 1 blocks are possibly lost in loss record 350 of 505
==8243==    at 0x4008E5A: calloc (in /usr/lib/valgrind/vgpreload_memcheck-x86-linux.so)
==8243==    by 0x4D3E14A8: g_malloc0 (in /usr/lib/libglib-2.0.so.0.4200.1)
==8243==    by 0x4D5C600B: ??? (in /usr/lib/libgobject-2.0.so.0.4200.1)
==8243==    by 0x4D5C61C4: ??? (in /usr/lib/libgobject-2.0.so.0.4200.1)
==8243==    by 0x4D5CBF48: g_type_register_fundamental (in /usr/lib/libgobject-2.0.so.0.4200.1)
==8243==    by 0x4D5D5400: ??? (in /usr/lib/libgobject-2.0.so.0.4200.1)
==8243==    by 0x4D5A33C3: ??? (in /usr/lib/libgobject-2.0.so.0.4200.1)
==8243==    by 0x4D0CE95F: call_init.part.0 (in /usr/lib/ld-2.20.so)
==8243==    by 0x4D0CEA6F: _dl_init (in /usr/lib/ld-2.20.so)
==8243==    by 0x4D0BFAEE: ??? (in /usr/lib/ld-2.20.so)
==8243== 
==8243== 52 bytes in 1 blocks are possibly lost in loss record 351 of 505
==8243==    at 0x4008E5A: calloc (in /usr/lib/valgrind/vgpreload_memcheck-x86-linux.so)
==8243==    by 0x4D3E14A8: g_malloc0 (in /usr/lib/libglib-2.0.so.0.4200.1)
==8243==    by 0x4D5C600B: ??? (in /usr/lib/libgobject-2.0.so.0.4200.1)
==8243==    by 0x4D5C61C4: ??? (in /usr/lib/libgobject-2.0.so.0.4200.1)
==8243==    by 0x4D5CBF48: g_type_register_fundamental (in /usr/lib/libgobject-2.0.so.0.4200.1)
==8243==    by 0x4D5D5475: ??? (in /usr/lib/libgobject-2.0.so.0.4200.1)
==8243==    by 0x4D5A33C3: ??? (in /usr/lib/libgobject-2.0.so.0.4200.1)
==8243==    by 0x4D0CE95F: call_init.part.0 (in /usr/lib/ld-2.20.so)
==8243==    by 0x4D0CEA6F: _dl_init (in /usr/lib/ld-2.20.so)
==8243==    by 0x4D0BFAEE: ??? (in /usr/lib/ld-2.20.so)
==8243== 
==8243== 52 bytes in 1 blocks are possibly lost in loss record 352 of 505
==8243==    at 0x4008E5A: calloc (in /usr/lib/valgrind/vgpreload_memcheck-x86-linux.so)
==8243==    by 0x4D3E14A8: g_malloc0 (in /usr/lib/libglib-2.0.so.0.4200.1)
==8243==    by 0x4D5C600B: ??? (in /usr/lib/libgobject-2.0.so.0.4200.1)
==8243==    by 0x4D5C61C4: ??? (in /usr/lib/libgobject-2.0.so.0.4200.1)
==8243==    by 0x4D5CBF48: g_type_register_fundamental (in /usr/lib/libgobject-2.0.so.0.4200.1)
==8243==    by 0x4D5D54D7: ??? (in /usr/lib/libgobject-2.0.so.0.4200.1)
==8243==    by 0x4D5A33C3: ??? (in /usr/lib/libgobject-2.0.so.0.4200.1)
==8243==    by 0x4D0CE95F: call_init.part.0 (in /usr/lib/ld-2.20.so)
==8243==    by 0x4D0CEA6F: _dl_init (in /usr/lib/ld-2.20.so)
==8243==    by 0x4D0BFAEE: ??? (in /usr/lib/ld-2.20.so)
==8243== 
==8243== 52 bytes in 1 blocks are possibly lost in loss record 353 of 505
==8243==    at 0x4008E5A: calloc (in /usr/lib/valgrind/vgpreload_memcheck-x86-linux.so)
==8243==    by 0x4D3E14A8: g_malloc0 (in /usr/lib/libglib-2.0.so.0.4200.1)
==8243==    by 0x4D5C600B: ??? (in /usr/lib/libgobject-2.0.so.0.4200.1)
==8243==    by 0x4D5C61C4: ??? (in /usr/lib/libgobject-2.0.so.0.4200.1)
==8243==    by 0x4D5CBF48: g_type_register_fundamental (in /usr/lib/libgobject-2.0.so.0.4200.1)
==8243==    by 0x4D5D5537: ??? (in /usr/lib/libgobject-2.0.so.0.4200.1)
==8243==    by 0x4D5A33C3: ??? (in /usr/lib/libgobject-2.0.so.0.4200.1)
==8243==    by 0x4D0CE95F: call_init.part.0 (in /usr/lib/ld-2.20.so)
==8243==    by 0x4D0CEA6F: _dl_init (in /usr/lib/ld-2.20.so)
==8243==    by 0x4D0BFAEE: ??? (in /usr/lib/ld-2.20.so)
==8243== 
==8243== 52 bytes in 1 blocks are possibly lost in loss record 354 of 505
==8243==    at 0x4008E5A: calloc (in /usr/lib/valgrind/vgpreload_memcheck-x86-linux.so)
==8243==    by 0x4D3E14A8: g_malloc0 (in /usr/lib/libglib-2.0.so.0.4200.1)
==8243==    by 0x4D5C600B: ??? (in /usr/lib/libgobject-2.0.so.0.4200.1)
==8243==    by 0x4D5C61C4: ??? (in /usr/lib/libgobject-2.0.so.0.4200.1)
==8243==    by 0x4D5CBF48: g_type_register_fundamental (in /usr/lib/libgobject-2.0.so.0.4200.1)
==8243==    by 0x4D5D558D: ??? (in /usr/lib/libgobject-2.0.so.0.4200.1)
==8243==    by 0x4D5A33C3: ??? (in /usr/lib/libgobject-2.0.so.0.4200.1)
==8243==    by 0x4D0CE95F: call_init.part.0 (in /usr/lib/ld-2.20.so)
==8243==    by 0x4D0CEA6F: _dl_init (in /usr/lib/ld-2.20.so)
==8243==    by 0x4D0BFAEE: ??? (in /usr/lib/ld-2.20.so)
==8243== 
==8243== 52 bytes in 1 blocks are possibly lost in loss record 355 of 505
==8243==    at 0x4008E5A: calloc (in /usr/lib/valgrind/vgpreload_memcheck-x86-linux.so)
==8243==    by 0x4D3E14A8: g_malloc0 (in /usr/lib/libglib-2.0.so.0.4200.1)
==8243==    by 0x4D5C600B: ??? (in /usr/lib/libgobject-2.0.so.0.4200.1)
==8243==    by 0x4D5C61C4: ??? (in /usr/lib/libgobject-2.0.so.0.4200.1)
==8243==    by 0x4D5CBF48: g_type_register_fundamental (in /usr/lib/libgobject-2.0.so.0.4200.1)
==8243==    by 0x4D5D55EF: ??? (in /usr/lib/libgobject-2.0.so.0.4200.1)
==8243==    by 0x4D5A33C3: ??? (in /usr/lib/libgobject-2.0.so.0.4200.1)
==8243==    by 0x4D0CE95F: call_init.part.0 (in /usr/lib/ld-2.20.so)
==8243==    by 0x4D0CEA6F: _dl_init (in /usr/lib/ld-2.20.so)
==8243==    by 0x4D0BFAEE: ??? (in /usr/lib/ld-2.20.so)
==8243== 
==8243== 52 bytes in 1 blocks are possibly lost in loss record 356 of 505
==8243==    at 0x4008E5A: calloc (in /usr/lib/valgrind/vgpreload_memcheck-x86-linux.so)
==8243==    by 0x4D3E14A8: g_malloc0 (in /usr/lib/libglib-2.0.so.0.4200.1)
==8243==    by 0x4D5C600B: ??? (in /usr/lib/libgobject-2.0.so.0.4200.1)
==8243==    by 0x4D5C61C4: ??? (in /usr/lib/libgobject-2.0.so.0.4200.1)
==8243==    by 0x4D5CBF48: g_type_register_fundamental (in /usr/lib/libgobject-2.0.so.0.4200.1)
==8243==    by 0x4D5D5645: ??? (in /usr/lib/libgobject-2.0.so.0.4200.1)
==8243==    by 0x4D5A33C3: ??? (in /usr/lib/libgobject-2.0.so.0.4200.1)
==8243==    by 0x4D0CE95F: call_init.part.0 (in /usr/lib/ld-2.20.so)
==8243==    by 0x4D0CEA6F: _dl_init (in /usr/lib/ld-2.20.so)
==8243==    by 0x4D0BFAEE: ??? (in /usr/lib/ld-2.20.so)
==8243== 
==8243== 52 bytes in 1 blocks are possibly lost in loss record 357 of 505
==8243==    at 0x4008E5A: calloc (in /usr/lib/valgrind/vgpreload_memcheck-x86-linux.so)
==8243==    by 0x4D3E14A8: g_malloc0 (in /usr/lib/libglib-2.0.so.0.4200.1)
==8243==    by 0x4D5C600B: ??? (in /usr/lib/libgobject-2.0.so.0.4200.1)
==8243==    by 0x4D5C61C4: ??? (in /usr/lib/libgobject-2.0.so.0.4200.1)
==8243==    by 0x4D5CBF48: g_type_register_fundamental (in /usr/lib/libgobject-2.0.so.0.4200.1)
==8243==    by 0x4D5D56A7: ??? (in /usr/lib/libgobject-2.0.so.0.4200.1)
==8243==    by 0x4D5A33C3: ??? (in /usr/lib/libgobject-2.0.so.0.4200.1)
==8243==    by 0x4D0CE95F: call_init.part.0 (in /usr/lib/ld-2.20.so)
==8243==    by 0x4D0CEA6F: _dl_init (in /usr/lib/ld-2.20.so)
==8243==    by 0x4D0BFAEE: ??? (in /usr/lib/ld-2.20.so)
==8243== 
==8243== 52 bytes in 1 blocks are possibly lost in loss record 358 of 505
==8243==    at 0x4008E5A: calloc (in /usr/lib/valgrind/vgpreload_memcheck-x86-linux.so)
==8243==    by 0x4D3E14A8: g_malloc0 (in /usr/lib/libglib-2.0.so.0.4200.1)
==8243==    by 0x4D5C600B: ??? (in /usr/lib/libgobject-2.0.so.0.4200.1)
==8243==    by 0x4D5C61C4: ??? (in /usr/lib/libgobject-2.0.so.0.4200.1)
==8243==    by 0x4D5CBF48: g_type_register_fundamental (in /usr/lib/libgobject-2.0.so.0.4200.1)
==8243==    by 0x4D5D56FD: ??? (in /usr/lib/libgobject-2.0.so.0.4200.1)
==8243==    by 0x4D5A33C3: ??? (in /usr/lib/libgobject-2.0.so.0.4200.1)
==8243==    by 0x4D0CE95F: call_init.part.0 (in /usr/lib/ld-2.20.so)
==8243==    by 0x4D0CEA6F: _dl_init (in /usr/lib/ld-2.20.so)
==8243==    by 0x4D0BFAEE: ??? (in /usr/lib/ld-2.20.so)
==8243== 
==8243== 52 bytes in 1 blocks are possibly lost in loss record 359 of 505
==8243==    at 0x4008E5A: calloc (in /usr/lib/valgrind/vgpreload_memcheck-x86-linux.so)
==8243==    by 0x4D3E14A8: g_malloc0 (in /usr/lib/libglib-2.0.so.0.4200.1)
==8243==    by 0x4D5C600B: ??? (in /usr/lib/libgobject-2.0.so.0.4200.1)
==8243==    by 0x4D5C61C4: ??? (in /usr/lib/libgobject-2.0.so.0.4200.1)
==8243==    by 0x4D5CBF48: g_type_register_fundamental (in /usr/lib/libgobject-2.0.so.0.4200.1)
==8243==    by 0x4D5D575F: ??? (in /usr/lib/libgobject-2.0.so.0.4200.1)
==8243==    by 0x4D5A33C3: ??? (in /usr/lib/libgobject-2.0.so.0.4200.1)
==8243==    by 0x4D0CE95F: call_init.part.0 (in /usr/lib/ld-2.20.so)
==8243==    by 0x4D0CEA6F: _dl_init (in /usr/lib/ld-2.20.so)
==8243==    by 0x4D0BFAEE: ??? (in /usr/lib/ld-2.20.so)
==8243== 
==8243== 52 bytes in 1 blocks are possibly lost in loss record 360 of 505
==8243==    at 0x4008E5A: calloc (in /usr/lib/valgrind/vgpreload_memcheck-x86-linux.so)
==8243==    by 0x4D3E14A8: g_malloc0 (in /usr/lib/libglib-2.0.so.0.4200.1)
==8243==    by 0x4D5C600B: ??? (in /usr/lib/libgobject-2.0.so.0.4200.1)
==8243==    by 0x4D5C61C4: ??? (in /usr/lib/libgobject-2.0.so.0.4200.1)
==8243==    by 0x4D5CBF48: g_type_register_fundamental (in /usr/lib/libgobject-2.0.so.0.4200.1)
==8243==    by 0x4D5D57BF: ??? (in /usr/lib/libgobject-2.0.so.0.4200.1)
==8243==    by 0x4D5A33C3: ??? (in /usr/lib/libgobject-2.0.so.0.4200.1)
==8243==    by 0x4D0CE95F: call_init.part.0 (in /usr/lib/ld-2.20.so)
==8243==    by 0x4D0CEA6F: _dl_init (in /usr/lib/ld-2.20.so)
==8243==    by 0x4D0BFAEE: ??? (in /usr/lib/ld-2.20.so)
==8243== 
==8243== 52 bytes in 1 blocks are possibly lost in loss record 361 of 505
==8243==    at 0x4008E5A: calloc (in /usr/lib/valgrind/vgpreload_memcheck-x86-linux.so)
==8243==    by 0x4D3E14A8: g_malloc0 (in /usr/lib/libglib-2.0.so.0.4200.1)
==8243==    by 0x4D5C600B: ??? (in /usr/lib/libgobject-2.0.so.0.4200.1)
==8243==    by 0x4D5C61C4: ??? (in /usr/lib/libgobject-2.0.so.0.4200.1)
==8243==    by 0x4D5CBF48: g_type_register_fundamental (in /usr/lib/libgobject-2.0.so.0.4200.1)
==8243==    by 0x4D5D581F: ??? (in /usr/lib/libgobject-2.0.so.0.4200.1)
==8243==    by 0x4D5A33C3: ??? (in /usr/lib/libgobject-2.0.so.0.4200.1)
==8243==    by 0x4D0CE95F: call_init.part.0 (in /usr/lib/ld-2.20.so)
==8243==    by 0x4D0CEA6F: _dl_init (in /usr/lib/ld-2.20.so)
==8243==    by 0x4D0BFAEE: ??? (in /usr/lib/ld-2.20.so)
==8243== 
==8243== 52 bytes in 1 blocks are possibly lost in loss record 362 of 505
==8243==    at 0x4008E5A: calloc (in /usr/lib/valgrind/vgpreload_memcheck-x86-linux.so)
==8243==    by 0x4D3E14A8: g_malloc0 (in /usr/lib/libglib-2.0.so.0.4200.1)
==8243==    by 0x4D5C600B: ??? (in /usr/lib/libgobject-2.0.so.0.4200.1)
==8243==    by 0x4D5C61C4: ??? (in /usr/lib/libgobject-2.0.so.0.4200.1)
==8243==    by 0x4D5CBF48: g_type_register_fundamental (in /usr/lib/libgobject-2.0.so.0.4200.1)
==8243==    by 0x4D5D587F: ??? (in /usr/lib/libgobject-2.0.so.0.4200.1)
==8243==    by 0x4D5A33C3: ??? (in /usr/lib/libgobject-2.0.so.0.4200.1)
==8243==    by 0x4D0CE95F: call_init.part.0 (in /usr/lib/ld-2.20.so)
==8243==    by 0x4D0CEA6F: _dl_init (in /usr/lib/ld-2.20.so)
==8243==    by 0x4D0BFAEE: ??? (in /usr/lib/ld-2.20.so)
==8243== 
==8243== 52 bytes in 1 blocks are possibly lost in loss record 363 of 505
==8243==    at 0x4008E5A: calloc (in /usr/lib/valgrind/vgpreload_memcheck-x86-linux.so)
==8243==    by 0x4D3E14A8: g_malloc0 (in /usr/lib/libglib-2.0.so.0.4200.1)
==8243==    by 0x4D5C600B: ??? (in /usr/lib/libgobject-2.0.so.0.4200.1)
==8243==    by 0x4D5C61C4: ??? (in /usr/lib/libgobject-2.0.so.0.4200.1)
==8243==    by 0x4D5CBF48: g_type_register_fundamental (in /usr/lib/libgobject-2.0.so.0.4200.1)
==8243==    by 0x4D5D58DF: ??? (in /usr/lib/libgobject-2.0.so.0.4200.1)
==8243==    by 0x4D5A33C3: ??? (in /usr/lib/libgobject-2.0.so.0.4200.1)
==8243==    by 0x4D0CE95F: call_init.part.0 (in /usr/lib/ld-2.20.so)
==8243==    by 0x4D0CEA6F: _dl_init (in /usr/lib/ld-2.20.so)
==8243==    by 0x4D0BFAEE: ??? (in /usr/lib/ld-2.20.so)
==8243== 
==8243== 52 bytes in 1 blocks are possibly lost in loss record 364 of 505
==8243==    at 0x4008E5A: calloc (in /usr/lib/valgrind/vgpreload_memcheck-x86-linux.so)
==8243==    by 0x4D3E14A8: g_malloc0 (in /usr/lib/libglib-2.0.so.0.4200.1)
==8243==    by 0x4D5C600B: ??? (in /usr/lib/libgobject-2.0.so.0.4200.1)
==8243==    by 0x4D5C61C4: ??? (in /usr/lib/libgobject-2.0.so.0.4200.1)
==8243==    by 0x4D5CBF48: g_type_register_fundamental (in /usr/lib/libgobject-2.0.so.0.4200.1)
==8243==    by 0x4D5A99B4: ??? (in /usr/lib/libgobject-2.0.so.0.4200.1)
==8243==    by 0x4D5A33C8: ??? (in /usr/lib/libgobject-2.0.so.0.4200.1)
==8243==    by 0x4D0CE95F: call_init.part.0 (in /usr/lib/ld-2.20.so)
==8243==    by 0x4D0CEA6F: _dl_init (in /usr/lib/ld-2.20.so)
==8243==    by 0x4D0BFAEE: ??? (in /usr/lib/ld-2.20.so)
==8243== 
==8243== 52 bytes in 1 blocks are possibly lost in loss record 365 of 505
==8243==    at 0x4008E5A: calloc (in /usr/lib/valgrind/vgpreload_memcheck-x86-linux.so)
==8243==    by 0x4D3E14A8: g_malloc0 (in /usr/lib/libglib-2.0.so.0.4200.1)
==8243==    by 0x4D5C600B: ??? (in /usr/lib/libgobject-2.0.so.0.4200.1)
==8243==    by 0x4D5C61C4: ??? (in /usr/lib/libgobject-2.0.so.0.4200.1)
==8243==    by 0x4D5CBF48: g_type_register_fundamental (in /usr/lib/libgobject-2.0.so.0.4200.1)
==8243==    by 0x4D5A9A24: ??? (in /usr/lib/libgobject-2.0.so.0.4200.1)
==8243==    by 0x4D5A33C8: ??? (in /usr/lib/libgobject-2.0.so.0.4200.1)
==8243==    by 0x4D0CE95F: call_init.part.0 (in /usr/lib/ld-2.20.so)
==8243==    by 0x4D0CEA6F: _dl_init (in /usr/lib/ld-2.20.so)
==8243==    by 0x4D0BFAEE: ??? (in /usr/lib/ld-2.20.so)
==8243== 
==8243== 52 bytes in 1 blocks are possibly lost in loss record 366 of 505
==8243==    at 0x4008E5A: calloc (in /usr/lib/valgrind/vgpreload_memcheck-x86-linux.so)
==8243==    by 0x4D3E14A8: g_malloc0 (in /usr/lib/libglib-2.0.so.0.4200.1)
==8243==    by 0x4D5C600B: ??? (in /usr/lib/libgobject-2.0.so.0.4200.1)
==8243==    by 0x4D5C61C4: ??? (in /usr/lib/libgobject-2.0.so.0.4200.1)
==8243==    by 0x4D5CBF48: g_type_register_fundamental (in /usr/lib/libgobject-2.0.so.0.4200.1)
==8243==    by 0x4D5A5B05: ??? (in /usr/lib/libgobject-2.0.so.0.4200.1)
==8243==    by 0x4D5A33CD: ??? (in /usr/lib/libgobject-2.0.so.0.4200.1)
==8243==    by 0x4D0CE95F: call_init.part.0 (in /usr/lib/ld-2.20.so)
==8243==    by 0x4D0CEA6F: _dl_init (in /usr/lib/ld-2.20.so)
==8243==    by 0x4D0BFAEE: ??? (in /usr/lib/ld-2.20.so)
==8243== 
==8243== 52 bytes in 1 blocks are possibly lost in loss record 367 of 505
==8243==    at 0x4008E5A: calloc (in /usr/lib/valgrind/vgpreload_memcheck-x86-linux.so)
==8243==    by 0x4D3E14A8: g_malloc0 (in /usr/lib/libglib-2.0.so.0.4200.1)
==8243==    by 0x4D5C600B: ??? (in /usr/lib/libgobject-2.0.so.0.4200.1)
==8243==    by 0x4D5C61C4: ??? (in /usr/lib/libgobject-2.0.so.0.4200.1)
==8243==    by 0x4D5CBF48: g_type_register_fundamental (in /usr/lib/libgobject-2.0.so.0.4200.1)
==8243==    by 0x4D5B389A: ??? (in /usr/lib/libgobject-2.0.so.0.4200.1)
==8243==    by 0x4D5A33D4: ??? (in /usr/lib/libgobject-2.0.so.0.4200.1)
==8243==    by 0x4D0CE95F: call_init.part.0 (in /usr/lib/ld-2.20.so)
==8243==    by 0x4D0CEA6F: _dl_init (in /usr/lib/ld-2.20.so)
==8243==    by 0x4D0BFAEE: ??? (in /usr/lib/ld-2.20.so)
==8243== 
==8243== 52 bytes in 1 blocks are possibly lost in loss record 368 of 505
==8243==    at 0x4008E5A: calloc (in /usr/lib/valgrind/vgpreload_memcheck-x86-linux.so)
==8243==    by 0x4D3E14A8: g_malloc0 (in /usr/lib/libglib-2.0.so.0.4200.1)
==8243==    by 0x4D5C600B: ??? (in /usr/lib/libgobject-2.0.so.0.4200.1)
==8243==    by 0x4D5C61C4: ??? (in /usr/lib/libgobject-2.0.so.0.4200.1)
==8243==    by 0x4D5CBF48: g_type_register_fundamental (in /usr/lib/libgobject-2.0.so.0.4200.1)
==8243==    by 0x4D5AE523: ??? (in /usr/lib/libgobject-2.0.so.0.4200.1)
==8243==    by 0x4D5A33D9: ??? (in /usr/lib/libgobject-2.0.so.0.4200.1)
==8243==    by 0x4D0CE95F: call_init.part.0 (in /usr/lib/ld-2.20.so)
==8243==    by 0x4D0CEA6F: _dl_init (in /usr/lib/ld-2.20.so)
==8243==    by 0x4D0BFAEE: ??? (in /usr/lib/ld-2.20.so)
==8243== 
==8243== 66 bytes in 1 blocks are possibly lost in loss record 387 of 505
==8243==    at 0x4008E5A: calloc (in /usr/lib/valgrind/vgpreload_memcheck-x86-linux.so)
==8243==    by 0x4D3E14A8: g_malloc0 (in /usr/lib/libglib-2.0.so.0.4200.1)
==8243==    by 0x4D5C6E4A: ??? (in /usr/lib/libgobject-2.0.so.0.4200.1)
==8243==    by 0x4D5A3381: ??? (in /usr/lib/libgobject-2.0.so.0.4200.1)
==8243==    by 0x4D0CE95F: call_init.part.0 (in /usr/lib/ld-2.20.so)
==8243==    by 0x4D0CEA6F: _dl_init (in /usr/lib/ld-2.20.so)
==8243==    by 0x4D0BFAEE: ??? (in /usr/lib/ld-2.20.so)
==8243== 
==8243== 72 bytes in 1 blocks are possibly lost in loss record 393 of 505
==8243==    at 0x4008E5A: calloc (in /usr/lib/valgrind/vgpreload_memcheck-x86-linux.so)
==8243==    by 0x4D3E14A8: g_malloc0 (in /usr/lib/libglib-2.0.so.0.4200.1)
==8243==    by 0x4D5C6CDE: ??? (in /usr/lib/libgobject-2.0.so.0.4200.1)
==8243==    by 0x4D5CBFAA: g_type_register_fundamental (in /usr/lib/libgobject-2.0.so.0.4200.1)
==8243==    by 0x4D5A99B4: ??? (in /usr/lib/libgobject-2.0.so.0.4200.1)
==8243==    by 0x4D5A33C8: ??? (in /usr/lib/libgobject-2.0.so.0.4200.1)
==8243==    by 0x4D0CE95F: call_init.part.0 (in /usr/lib/ld-2.20.so)
==8243==    by 0x4D0CEA6F: _dl_init (in /usr/lib/ld-2.20.so)
==8243==    by 0x4D0BFAEE: ??? (in /usr/lib/ld-2.20.so)
==8243== 
==8243== 72 bytes in 1 blocks are possibly lost in loss record 394 of 505
==8243==    at 0x4008E5A: calloc (in /usr/lib/valgrind/vgpreload_memcheck-x86-linux.so)
==8243==    by 0x4D3E14A8: g_malloc0 (in /usr/lib/libglib-2.0.so.0.4200.1)
==8243==    by 0x4D5C6CDE: ??? (in /usr/lib/libgobject-2.0.so.0.4200.1)
==8243==    by 0x4D5CBFAA: g_type_register_fundamental (in /usr/lib/libgobject-2.0.so.0.4200.1)
==8243==    by 0x4D5A9A24: ??? (in /usr/lib/libgobject-2.0.so.0.4200.1)
==8243==    by 0x4D5A33C8: ??? (in /usr/lib/libgobject-2.0.so.0.4200.1)
==8243==    by 0x4D0CE95F: call_init.part.0 (in /usr/lib/ld-2.20.so)
==8243==    by 0x4D0CEA6F: _dl_init (in /usr/lib/ld-2.20.so)
==8243==    by 0x4D0BFAEE: ??? (in /usr/lib/ld-2.20.so)
==8243== 
==8243== 84 bytes in 1 blocks are possibly lost in loss record 405 of 505
==8243==    at 0x4008E5A: calloc (in /usr/lib/valgrind/vgpreload_memcheck-x86-linux.so)
==8243==    by 0x4D3E14A8: g_malloc0 (in /usr/lib/libglib-2.0.so.0.4200.1)
==8243==    by 0x4D5C6ACC: ??? (in /usr/lib/libgobject-2.0.so.0.4200.1)
==8243==    by 0x4D5CBFAA: g_type_register_fundamental (in /usr/lib/libgobject-2.0.so.0.4200.1)
==8243==    by 0x4D5B389A: ??? (in /usr/lib/libgobject-2.0.so.0.4200.1)
==8243==    by 0x4D5A33D4: ??? (in /usr/lib/libgobject-2.0.so.0.4200.1)
==8243==    by 0x4D0CE95F: call_init.part.0 (in /usr/lib/ld-2.20.so)
==8243==    by 0x4D0CEA6F: _dl_init (in /usr/lib/ld-2.20.so)
==8243==    by 0x4D0BFAEE: ??? (in /usr/lib/ld-2.20.so)
==8243== 
==8243== 84 bytes in 1 blocks are possibly lost in loss record 406 of 505
==8243==    at 0x4008E5A: calloc (in /usr/lib/valgrind/vgpreload_memcheck-x86-linux.so)
==8243==    by 0x4D3E14A8: g_malloc0 (in /usr/lib/libglib-2.0.so.0.4200.1)
==8243==    by 0x4D5C6ACC: ??? (in /usr/lib/libgobject-2.0.so.0.4200.1)
==8243==    by 0x4D5CBFAA: g_type_register_fundamental (in /usr/lib/libgobject-2.0.so.0.4200.1)
==8243==    by 0x4D5AE523: ??? (in /usr/lib/libgobject-2.0.so.0.4200.1)
==8243==    by 0x4D5A33D9: ??? (in /usr/lib/libgobject-2.0.so.0.4200.1)
==8243==    by 0x4D0CE95F: call_init.part.0 (in /usr/lib/ld-2.20.so)
==8243==    by 0x4D0CEA6F: _dl_init (in /usr/lib/ld-2.20.so)
==8243==    by 0x4D0BFAEE: ??? (in /usr/lib/ld-2.20.so)
==8243== 
==8243== 92 bytes in 1 blocks are possibly lost in loss record 409 of 505
==8243==    at 0x4009032: realloc (in /usr/lib/valgrind/vgpreload_memcheck-x86-linux.so)
==8243==    by 0x4D3E1524: g_realloc (in /usr/lib/libglib-2.0.so.0.4200.1)
==8243==    by 0x4D3E1812: g_realloc_n (in /usr/lib/libglib-2.0.so.0.4200.1)
==8243==    by 0x4D5C5FB2: ??? (in /usr/lib/libgobject-2.0.so.0.4200.1)
==8243==    by 0x4D5C65FD: ??? (in /usr/lib/libgobject-2.0.so.0.4200.1)
==8243==    by 0x4D5CC287: g_type_register_static (in /usr/lib/libgobject-2.0.so.0.4200.1)
==8243==    by 0x4D5B5707: g_param_type_register_static (in /usr/lib/libgobject-2.0.so.0.4200.1)
==8243==    by 0x4D5B77C1: ??? (in /usr/lib/libgobject-2.0.so.0.4200.1)
==8243==    by 0x4D5A33DE: ??? (in /usr/lib/libgobject-2.0.so.0.4200.1)
==8243==    by 0x4D0CE95F: call_init.part.0 (in /usr/lib/ld-2.20.so)
==8243==    by 0x4D0CEA6F: _dl_init (in /usr/lib/ld-2.20.so)
==8243==    by 0x4D0BFAEE: ??? (in /usr/lib/ld-2.20.so)
==8243== 
==8243== 158 (56 direct, 102 indirect) bytes in 1 blocks are definitely lost in loss record 417 of 505
==8243==    at 0x400769F: operator new(unsigned int) (in /usr/lib/valgrind/vgpreload_memcheck-x86-linux.so)
==8243==    by 0x4DF38B34: ??? (in /usr/lib/libQtCore.so.4.8.6)
==8243==    by 0x4DF393BC: QLibrary::setFileNameAndVersion(QString const&, QString const&) (in /usr/lib/libQtCore.so.4.8.6)
==8243==    by 0x4DF39423: QLibrary::QLibrary(QString const&, QString const&, QObject*) (in /usr/lib/libQtCore.so.4.8.6)
==8243==    by 0x4DE904B7: ??? (in /usr/lib/libQtCore.so.4.8.6)
==8243==    by 0x4DE4F943: QLocalePrivate::updateSystemPrivate() (in /usr/lib/libQtCore.so.4.8.6)
==8243==    by 0x4DE4FC64: ??? (in /usr/lib/libQtCore.so.4.8.6)
==8243==    by 0x4DE4FCEC: QLocale::QLocale() (in /usr/lib/libQtCore.so.4.8.6)
==8243==    by 0x4DEEEE4E: ??? (in /usr/lib/libQtCore.so.4.8.6)
==8243==    by 0x4DF1E720: ??? (in /usr/lib/libQtCore.so.4.8.6)
==8243==    by 0x4DF1E89E: ??? (in /usr/lib/libQtCore.so.4.8.6)
==8243==    by 0x4DECACF9: QFileInfo::QFileInfo(QString const&) (in /usr/lib/libQtCore.so.4.8.6)
==8243== 
==8243== 166 (56 direct, 110 indirect) bytes in 1 blocks are definitely lost in loss record 418 of 505
==8243==    at 0x400769F: operator new(unsigned int) (in /usr/lib/valgrind/vgpreload_memcheck-x86-linux.so)
==8243==    by 0x4DF38B34: ??? (in /usr/lib/libQtCore.so.4.8.6)
==8243==    by 0x4DF393BC: QLibrary::setFileNameAndVersion(QString const&, QString const&) (in /usr/lib/libQtCore.so.4.8.6)
==8243==    by 0x4DF39423: QLibrary::QLibrary(QString const&, QString const&, QObject*) (in /usr/lib/libQtCore.so.4.8.6)
==8243==    by 0x4DE9036A: ??? (in /usr/lib/libQtCore.so.4.8.6)
==8243==    by 0x4DE4F943: QLocalePrivate::updateSystemPrivate() (in /usr/lib/libQtCore.so.4.8.6)
==8243==    by 0x4DE4FC64: ??? (in /usr/lib/libQtCore.so.4.8.6)
==8243==    by 0x4DE4FCEC: QLocale::QLocale() (in /usr/lib/libQtCore.so.4.8.6)
==8243==    by 0x4DEEEE4E: ??? (in /usr/lib/libQtCore.so.4.8.6)
==8243==    by 0x4DF1E720: ??? (in /usr/lib/libQtCore.so.4.8.6)
==8243==    by 0x4DF1E89E: ??? (in /usr/lib/libQtCore.so.4.8.6)
==8243==    by 0x4DECACF9: QFileInfo::QFileInfo(QString const&) (in /usr/lib/libQtCore.so.4.8.6)
==8243== 
==8243== 428 (64 direct, 364 indirect) bytes in 1 blocks are definitely lost in loss record 447 of 505
==8243==    at 0x40071B1: malloc (in /usr/lib/valgrind/vgpreload_memcheck-x86-linux.so)
==8243==    by 0x804EC83: def_alloc_func (in /home/ilian/SpaGUIControllerBin/test_ResourceFileManager)
==8243==    by 0x4000C97: ???
==8243== 
==8243== 2,360 (392 direct, 1,968 indirect) bytes in 7 blocks are definitely lost in loss record 484 of 505
==8243==    at 0x400769F: operator new(unsigned int) (in /usr/lib/valgrind/vgpreload_memcheck-x86-linux.so)
==8243==    by 0x4DF38B34: ??? (in /usr/lib/libQtCore.so.4.8.6)
==8243==    by 0x4DF3250B: QFactoryLoader::updateDir(QString const&, QSettings&) (in /usr/lib/libQtCore.so.4.8.6)
==8243==    by 0x4DF34904: QFactoryLoader::update() (in /usr/lib/libQtCore.so.4.8.6)
==8243==    by 0x4DF34B31: QFactoryLoader::QFactoryLoader(char const*, QString const&, Qt::CaseSensitivity) (in /usr/lib/libQtCore.so.4.8.6)
==8243==    by 0x4E64A6C2: ??? (in /usr/lib/libQtGui.so.4.8.6)
==8243==    by 0x4E64AC6E: ??? (in /usr/lib/libQtGui.so.4.8.6)
==8243==    by 0x4E64CCCD: ??? (in /usr/lib/libQtGui.so.4.8.6)
==8243==    by 0x4E64E6E7: QImageReader::read(QImage*) (in /usr/lib/libQtGui.so.4.8.6)
==8243==    by 0x4E64E8EE: QImageReader::read() (in /usr/lib/libQtGui.so.4.8.6)
==8243==    by 0x4E6631D7: QPixmapData::fromFile(QString const&, char const*, QFlags<Qt::ImageConversionFlag>) (in /usr/lib/libQtGui.so.4.8.6)
==8243==    by 0x4E65BA3B: QPixmap::load(QString const&, char const*, QFlags<Qt::ImageConversionFlag>) (in /usr/lib/libQtGui.so.4.8.6)
==8243== 
==8243== 175,174 bytes in 1 blocks are possibly lost in loss record 505 of 505
==8243==    at 0x40071B1: malloc (in /usr/lib/valgrind/vgpreload_memcheck-x86-linux.so)
==8243==    by 0x804EC83: def_alloc_func (in /home/ilian/SpaGUIControllerBin/test_ResourceFileManager)
==8243== 
==8243== LEAK SUMMARY:
==8243==    definitely lost: 568 bytes in 10 blocks
==8243==    indirectly lost: 2,544 bytes in 30 blocks
==8243==      possibly lost: 177,658 bytes in 84 blocks
==8243==    still reachable: 158,434 bytes in 5,352 blocks
==8243==         suppressed: 0 bytes in 0 blocks
==8243== Reachable blocks (those to which a pointer was found) are not shown.
==8243== To see them, rerun with: --leak-check=full --show-leak-kinds=all
==8243== 
==8243== For counts of detected and suppressed errors, rerun with: -v
==8243== ERROR SUMMARY: 88 errors from 88 contexts (suppressed: 0 from 0)
